#
# There is insufficient memory for the Java Runtime Environment to continue.
# Native memory allocation (mmap) failed to map 132120576 bytes. Error detail: G1 virtual space
# Possible reasons:
#   The system is out of physical RAM or swap space
#   This process is running with CompressedOops enabled, and the Java Heap may be blocking the growth of the native heap
# Possible solutions:
#   Reduce memory load on the system
#   Increase physical memory or swap space
#   Check if swap backing store is full
#   Decrease Java heap size (-Xmx/-Xms)
#   Decrease number of Java threads
#   Decrease Java thread stack sizes (-Xss)
#   Set larger code cache with -XX:ReservedCodeCacheSize=
#   JVM is running with Unscaled Compressed Oops mode in which the Java heap is
#     placed in the first 4GB address space. The Java Heap base address is the
#     maximum limit for the native heap growth. Please use -XX:HeapBaseMinAddress
#     to set the Java Heap base and to place the Java Heap above 4GB virtual address.
# This output file may be truncated or incomplete.
#
#  Out of Memory Error (os_windows.cpp:3713), pid=11440, tid=19020
#
# JRE version:  (21.0.8+9) (build )
# Java VM: OpenJDK 64-Bit Server VM (21.0.8+9-LTS, mixed mode, sharing, tiered, compressed oops, compressed class ptrs, g1 gc, windows-amd64)
# No core dump will be written. Minidumps are not enabled by default on client versions of Windows
#

---------------  S U M M A R Y ------------

Command Line: -Dnet.bytebuddy.agent.attacher.dump= net.bytebuddy.agent.Attacher com.sun.tools.attach.VirtualMachine 21292 C:\Users\karnam harika\.m2\repository\net\bytebuddy\byte-buddy-agent\1.17.8\byte-buddy-agent-1.17.8.jar false 

Host: Intel(R) Core(TM) i5-8265U CPU @ 1.60GHz, 8 cores, 7G,  Windows 11 , 64 bit Build 22621 (10.0.22621.5415)
Time: Tue Dec 23 16:40:48 2025 India Standard Time elapsed time: 0.029135 seconds (0d 0h 0m 0s)

---------------  T H R E A D  ---------------

Current thread (0x0000018a9c3ce410):  JavaThread "Unknown thread" [_thread_in_vm, id=19020, stack(0x0000007d56000000,0x0000007d56100000) (1024K)]

Stack: [0x0000007d56000000,0x0000007d56100000]
Native frames: (J=compiled Java code, j=interpreted, Vv=VM code, C=native code)
V  [jvm.dll+0x6d2449]
V  [jvm.dll+0x8ae341]
V  [jvm.dll+0x8b08be]
V  [jvm.dll+0x8b0fa3]
V  [jvm.dll+0x280c96]
V  [jvm.dll+0x6cec15]
V  [jvm.dll+0x6c2c3a]
V  [jvm.dll+0x35867a]
V  [jvm.dll+0x360246]
V  [jvm.dll+0x3b1f9e]
V  [jvm.dll+0x3b2248]
V  [jvm.dll+0x32c8fc]
V  [jvm.dll+0x32d45b]
V  [jvm.dll+0x8775d9]
V  [jvm.dll+0x3bed71]
V  [jvm.dll+0x8605d3]
V  [jvm.dll+0x4530ee]
V  [jvm.dll+0x454d31]
C  [jli.dll+0x5278]
C  [ucrtbase.dll+0x29333]
C  [KERNEL32.DLL+0x1259d]
C  [ntdll.dll+0x5af78]


---------------  P R O C E S S  ---------------

Threads class SMR info:
_java_thread_list=0x00007ffbb78611c8, length=0, elements={
}

Java Threads: ( => current thread )
Total: 0

Other Threads:
  0x0000018a9e771f40 WorkerThread "GC Thread#0"                     [id=2344, stack(0x0000007d56100000,0x0000007d56200000) (1024K)]
  0x0000018a9e783270 ConcurrentGCThread "G1 Main Marker"            [id=2872, stack(0x0000007d56200000,0x0000007d56300000) (1024K)]
  0x0000018a9e783d70 WorkerThread "G1 Conc#0"                       [id=20924, stack(0x0000007d56300000,0x0000007d56400000) (1024K)]

[error occurred during error reporting (printing all threads), id 0xc0000005, EXCEPTION_ACCESS_VIOLATION (0xc0000005) at pc=0x00007ffbb6f5f137]
VM state: not at safepoint (not fully initialized)

VM Mutex/Monitor currently owned by a thread:  ([mutex/lock_event])
[0x00007ffbb78d5558] Heap_lock - owner thread: 0x0000018a9c3ce410

Heap address: 0x0000000082600000, size: 2010 MB, Compressed Oops mode: 32-bit

CDS archive(s) mapped at: [0x0000000000000000-0x0000000000000000-0x0000000000000000), size 0, SharedBaseAddress: 0x0000000800000000, ArchiveRelocationMode: 1.
Narrow klass base: 0x0000000000000000, Narrow klass shift: 0, Narrow klass range: 0x0

GC Precious Log:
 CardTable entry size: 512
 Card Set container configuration: InlinePtr #cards 5 size 8 Array Of Cards #cards 12 size 40 Howl #buckets 4 coarsen threshold 1843 Howl Bitmap #cards 512 size 80 coarsen threshold 460 Card regions per heap region 1 cards per card region 2048

Heap:
 garbage-first heap   total 0K, used 0K [0x0000000082600000, 0x0000000100000000)
  region size 1024K, 0 young (0K), 0 survivors (0K)

[error occurred during error reporting (printing heap information), id 0xc0000005, EXCEPTION_ACCESS_VIOLATION (0xc0000005) at pc=0x00007ffbb734bba9]
GC Heap History (0 events):
No events

Dll operation events (1 events):
Event: 0.019 Loaded shared library C:\Users\karnam harika\Desktop\STS\sts-4.32.0.RELEASE\plugins\org.eclipse.justj.openjdk.hotspot.jre.full.win32.x86_64_21.0.8.v20250724-1412\jre\bin\java.dll

Deoptimization events (0 events):
No events

Classes loaded (0 events):
No events

Classes unloaded (0 events):
No events

Classes redefined (0 events):
No events

Internal exceptions (0 events):
No events

ZGC Phase Switch (0 events):
No events

VM Operations (0 events):
No events

Memory protections (0 events):
No events

Nmethod flushes (0 events):
No events

Events (0 events):
No events


Dynamic libraries:
0x00007ff6c8810000 - 0x00007ff6c881e000 	C:\Users\karnam harika\Desktop\STS\sts-4.32.0.RELEASE\plugins\org.eclipse.justj.openjdk.hotspot.jre.full.win32.x86_64_21.0.8.v20250724-1412\jre\bin\java.exe
0x00007ffc58af0000 - 0x00007ffc58d07000 	C:\WINDOWS\SYSTEM32\ntdll.dll
0x00007ffc57ba0000 - 0x00007ffc57c64000 	C:\WINDOWS\System32\KERNEL32.DLL
0x00007ffc55c60000 - 0x00007ffc56032000 	C:\WINDOWS\System32\KERNELBASE.dll
0x00007ffc56660000 - 0x00007ffc56771000 	C:\WINDOWS\System32\ucrtbase.dll
0x00007ffc51270000 - 0x00007ffc51288000 	C:\Users\karnam harika\Desktop\STS\sts-4.32.0.RELEASE\plugins\org.eclipse.justj.openjdk.hotspot.jre.full.win32.x86_64_21.0.8.v20250724-1412\jre\bin\jli.dll
0x00007ffc582e0000 - 0x00007ffc58491000 	C:\WINDOWS\System32\USER32.dll
0x00007ffc56040000 - 0x00007ffc56066000 	C:\WINDOWS\System32\win32u.dll
0x00007ffc56d00000 - 0x00007ffc56d29000 	C:\WINDOWS\System32\GDI32.dll
0x00007ffc56530000 - 0x00007ffc56653000 	C:\WINDOWS\System32\gdi32full.dll
0x00007ffc561b0000 - 0x00007ffc5624a000 	C:\WINDOWS\System32\msvcp_win.dll
0x00007ffc42400000 - 0x00007ffc4241e000 	C:\Users\karnam harika\Desktop\STS\sts-4.32.0.RELEASE\plugins\org.eclipse.justj.openjdk.hotspot.jre.full.win32.x86_64_21.0.8.v20250724-1412\jre\bin\VCRUNTIME140.dll
0x00007ffc3fa70000 - 0x00007ffc3fd0b000 	C:\WINDOWS\WinSxS\amd64_microsoft.windows.common-controls_6595b64144ccf1df_6.0.22621.5547_none_27104afb73855772\COMCTL32.dll
0x00007ffc56ee0000 - 0x00007ffc56f87000 	C:\WINDOWS\System32\msvcrt.dll
0x00007ffc56f90000 - 0x00007ffc56fc1000 	C:\WINDOWS\System32\IMM32.DLL
0x00007ffc47d50000 - 0x00007ffc47d5c000 	C:\Users\karnam harika\Desktop\STS\sts-4.32.0.RELEASE\plugins\org.eclipse.justj.openjdk.hotspot.jre.full.win32.x86_64_21.0.8.v20250724-1412\jre\bin\vcruntime140_1.dll
0x00007ffc1e3f0000 - 0x00007ffc1e47d000 	C:\Users\karnam harika\Desktop\STS\sts-4.32.0.RELEASE\plugins\org.eclipse.justj.openjdk.hotspot.jre.full.win32.x86_64_21.0.8.v20250724-1412\jre\bin\msvcp140.dll
0x00007ffbb6c20000 - 0x00007ffbb79b7000 	C:\Users\karnam harika\Desktop\STS\sts-4.32.0.RELEASE\plugins\org.eclipse.justj.openjdk.hotspot.jre.full.win32.x86_64_21.0.8.v20250724-1412\jre\bin\server\jvm.dll
0x00007ffc58890000 - 0x00007ffc58941000 	C:\WINDOWS\System32\ADVAPI32.dll
0x00007ffc58720000 - 0x00007ffc587c8000 	C:\WINDOWS\System32\sechost.dll
0x00007ffc56500000 - 0x00007ffc56528000 	C:\WINDOWS\System32\bcrypt.dll
0x00007ffc579d0000 - 0x00007ffc57ae4000 	C:\WINDOWS\System32\RPCRT4.dll
0x00007ffc56780000 - 0x00007ffc567f1000 	C:\WINDOWS\System32\WS2_32.dll
0x00007ffc54e70000 - 0x00007ffc54ebd000 	C:\WINDOWS\SYSTEM32\POWRPROF.dll
0x00007ffc47760000 - 0x00007ffc4776a000 	C:\WINDOWS\SYSTEM32\VERSION.dll
0x00007ffc40c90000 - 0x00007ffc40cc4000 	C:\WINDOWS\SYSTEM32\WINMM.dll
0x00007ffc54da0000 - 0x00007ffc54db3000 	C:\WINDOWS\SYSTEM32\UMPDC.dll
0x00007ffc54bd0000 - 0x00007ffc54be8000 	C:\WINDOWS\SYSTEM32\kernel.appcore.dll
0x00007ffc51390000 - 0x00007ffc5139a000 	C:\Users\karnam harika\Desktop\STS\sts-4.32.0.RELEASE\plugins\org.eclipse.justj.openjdk.hotspot.jre.full.win32.x86_64_21.0.8.v20250724-1412\jre\bin\jimage.dll
0x00007ffc405a0000 - 0x00007ffc407d3000 	C:\WINDOWS\SYSTEM32\DBGHELP.DLL
0x00007ffc57e90000 - 0x00007ffc58223000 	C:\WINDOWS\System32\combase.dll
0x00007ffc56fd0000 - 0x00007ffc570a7000 	C:\WINDOWS\System32\OLEAUT32.dll
0x00007ffc3f8d0000 - 0x00007ffc3f902000 	C:\WINDOWS\SYSTEM32\dbgcore.DLL
0x00007ffc56250000 - 0x00007ffc562cb000 	C:\WINDOWS\System32\bcryptPrimitives.dll
0x00007ffc428d0000 - 0x00007ffc428ef000 	C:\Users\karnam harika\Desktop\STS\sts-4.32.0.RELEASE\plugins\org.eclipse.justj.openjdk.hotspot.jre.full.win32.x86_64_21.0.8.v20250724-1412\jre\bin\java.dll

JVMTI agents: none

dbghelp: loaded successfully - version: 4.0.5 - missing functions: none
symbol engine: initialized successfully - sym options: 0x614 - pdb path: .;C:\Users\karnam harika\Desktop\STS\sts-4.32.0.RELEASE\plugins\org.eclipse.justj.openjdk.hotspot.jre.full.win32.x86_64_21.0.8.v20250724-1412\jre\bin;C:\WINDOWS\SYSTEM32;C:\WINDOWS\WinSxS\amd64_microsoft.windows.common-controls_6595b64144ccf1df_6.0.22621.5547_none_27104afb73855772;C:\Users\karnam harika\Desktop\STS\sts-4.32.0.RELEASE\plugins\org.eclipse.justj.openjdk.hotspot.jre.full.win32.x86_64_21.0.8.v20250724-1412\jre\bin\server

VM Arguments:
jvm_args: -Dnet.bytebuddy.agent.attacher.dump= 
java_command: net.bytebuddy.agent.Attacher com.sun.tools.attach.VirtualMachine 21292 C:\Users\karnam harika\.m2\repository\net\bytebuddy\byte-buddy-agent\1.17.8\byte-buddy-agent-1.17.8.jar false 
java_class_path (initial): C:\Users\karnam harika\.m2\repository\net\bytebuddy\byte-buddy-agent\1.17.8\byte-buddy-agent-1.17.8.jar
Launcher Type: SUN_STANDARD

[Global flags]
     intx CICompilerCount                          = 4                                         {product} {ergonomic}
     uint ConcGCThreads                            = 2                                         {product} {ergonomic}
     uint G1ConcRefinementThreads                  = 8                                         {product} {ergonomic}
   size_t G1HeapRegionSize                         = 1048576                                   {product} {ergonomic}
    uintx GCDrainStackTargetSize                   = 64                                        {product} {ergonomic}
   size_t InitialHeapSize                          = 132120576                                 {product} {ergonomic}
   size_t MarkStackSize                            = 4194304                                   {product} {ergonomic}
   size_t MaxHeapSize                              = 2107637760                                {product} {ergonomic}
   size_t MinHeapDeltaBytes                        = 1048576                                   {product} {ergonomic}
   size_t MinHeapSize                              = 8388608                                   {product} {ergonomic}
    uintx NonNMethodCodeHeapSize                   = 5839372                                {pd product} {ergonomic}
    uintx NonProfiledCodeHeapSize                  = 122909434                              {pd product} {ergonomic}
    uintx ProfiledCodeHeapSize                     = 122909434                              {pd product} {ergonomic}
    uintx ReservedCodeCacheSize                    = 251658240                              {pd product} {ergonomic}
     bool SegmentedCodeCache                       = true                                      {product} {ergonomic}
   size_t SoftMaxHeapSize                          = 2107637760                             {manageable} {ergonomic}
     bool UseCompressedOops                        = true                           {product lp64_product} {ergonomic}
     bool UseG1GC                                  = true                                      {product} {ergonomic}
     bool UseLargePagesIndividualAllocation        = false                                  {pd product} {ergonomic}

Logging:
Log output configuration:
 #0: stdout all=warning uptime,level,tags foldmultilines=false
 #1: stderr all=off uptime,level,tags foldmultilines=false

Environment Variables:
JAVA_HOME=C:\Program Files\Java\jdk-20
PATH=C:/Users/karnam harika/Desktop/STS/sts-4.32.0.RELEASE//plugins/org.eclipse.justj.openjdk.hotspot.jre.full.win32.x86_64_21.0.8.v20250724-1412/jre/bin/server;C:/Users/karnam harika/Desktop/STS/sts-4.32.0.RELEASE//plugins/org.eclipse.justj.openjdk.hotspot.jre.full.win32.x86_64_21.0.8.v20250724-1412/jre/bin;C:\Python314\Scripts\;C:\Python314\;C:\Program Files\Common Files\Oracle\Java\javapath;C:\oracle\product\10.2.0\db_1\bin;C:\Windows\system32;C:\Windows;C:\Windows\System32\Wbem;C:\Windows\System32\WindowsPowerShell\v1.0\;C:\Windows\System32\OpenSSH\;C:\Program Files (x86)\NVIDIA Corporation\PhysX\Common;C:\Program Files\NVIDIA Corporation\NVIDIA NvDLISR;C:\WINDOWS\system32;C:\WINDOWS;C:\WINDOWS\System32\Wbem;C:\WINDOWS\System32\WindowsPowerShell\v1.0\;C:\WINDOWS\System32\OpenSSH\;C:\Program Files\Java\jdk-20\bin;C:\Program Files\Tesseract-OCR;C:\Program Files\dotnet\;C:\Program Files\nodejs\;C:\ProgramData\chocolatey\bin;D:\Git\Git\cmd;C:\Program Files\Docker\Docker\resources\bin;C:\Program Files\MySQL\MySQL Server 8.0\bin;C:\Program Files\MySQL\MySQL Shell 8.0\bin\;C:\Users\karnam harika\AppData\Local\Programs\Python\Python38\Scripts\;C:\Users\karnam harika\AppData\Local\Programs\Python\Python38\;C:\Users\karnam harika\AppData\Local\Programs\Python\Launcher\;C:\Users\karnam harika\AppData\Local\Microsoft\WindowsApps;C:\Users\karnam harika\AppData\Local\Programs\Microsoft VS Code\bin;C:\Users\karnam harika\AppData\Roaming\npm;C:\Users\karnam harika\Desktop\STS\sts-4.32.0.RELEASE;
USERNAME=karnam harika
OS=Windows_NT
PROCESSOR_IDENTIFIER=Intel64 Family 6 Model 142 Stepping 12, GenuineIntel
TMP=C:\Users\KARNAM~1\AppData\Local\Temp
TEMP=C:\Users\KARNAM~1\AppData\Local\Temp




Periodic native trim disabled

---------------  S Y S T E M  ---------------

OS:
 Windows 11 , 64 bit Build 22621 (10.0.22621.5415)
OS uptime: 0 days 1:21 hours
Hyper-V role detected

CPU: total 8 (initial active 8) (4 cores per cpu, 2 threads per core) family 6 model 142 stepping 12 microcode 0xea, cx8, cmov, fxsr, ht, mmx, 3dnowpref, sse, sse2, sse3, ssse3, sse4.1, sse4.2, popcnt, lzcnt, tsc, tscinvbit, avx, avx2, aes, erms, clmul, bmi1, bmi2, adx, fma, vzeroupper, clflush, clflushopt, hv, rdtscp, f16c
Processor Information for the first 8 processors :
  Max Mhz: 1800, Current Mhz: 1600, Mhz Limit: 1584

Memory: 4k page, system-wide physical 8037M (254M free)
TotalPageFile size 18559M (AvailPageFile size 107M)
current process WorkingSet (physical memory assigned to process): 11M, peak: 11M
current process commit charge ("private bytes"): 60M, peak: 186M

vm_info: OpenJDK 64-Bit Server VM (21.0.8+9-LTS) for windows-amd64 JRE (21.0.8+9-LTS), built on 2025-07-15T00:00:00Z by "admin" with MS VC++ 17.7 (VS2022)

END.
