#
# There is insufficient memory for the Java Runtime Environment to continue.
# Native memory allocation (malloc) failed to allocate 1238416 bytes. Error detail: Chunk::new
# Possible reasons:
#   The system is out of physical RAM or swap space
#   This process is running with CompressedOops enabled, and the Java Heap may be blocking the growth of the native heap
# Possible solutions:
#   Reduce memory load on the system
#   Increase physical memory or swap space
#   Check if swap backing store is full
#   Decrease Java heap size (-Xmx/-Xms)
#   Decrease number of Java threads
#   Decrease Java thread stack sizes (-Xss)
#   Set larger code cache with -XX:ReservedCodeCacheSize=
#   JVM is running with Unscaled Compressed Oops mode in which the Java heap is
#     placed in the first 4GB address space. The Java Heap base address is the
#     maximum limit for the native heap growth. Please use -XX:HeapBaseMinAddress
#     to set the Java Heap base and to place the Java Heap above 4GB virtual address.
# This output file may be truncated or incomplete.
#
#  Out of Memory Error (arena.cpp:168), pid=21292, tid=14456
#
# JRE version: OpenJDK Runtime Environment Temurin-21.0.8+9 (21.0.8+9) (build 21.0.8+9-LTS)
# Java VM: OpenJDK 64-Bit Server VM Temurin-21.0.8+9 (21.0.8+9-LTS, mixed mode, sharing, tiered, compressed oops, compressed class ptrs, g1 gc, windows-amd64)
# No core dump will be written. Minidumps are not enabled by default on client versions of Windows
#

---------------  S U M M A R Y ------------

Command Line: -javaagent:C:\\Users\\karnam harika\\.m2\\repository\\org\\jacoco\\org.jacoco.agent\\0.8.11\\org.jacoco.agent-0.8.11-runtime.jar=destfile=G:\\cap\\Backend\\Investment-Banking-Backend\\target\\jacoco.exec C:\Users\karnam harika\AppData\Local\Temp\surefire4120387584152797529\surefirebooter-20251223164043378_3.jar C:\Users\karnam harika\AppData\Local\Temp\surefire4120387584152797529 2025-12-23T16-40-42_685-jvmRun1 surefire-20251223164043378_1tmp surefire_0-20251223164043378_2tmp

Host: Intel(R) Core(TM) i5-8265U CPU @ 1.60GHz, 8 cores, 7G,  Windows 11 , 64 bit Build 22621 (10.0.22621.5415)
Time: Tue Dec 23 16:41:13 2025 India Standard Time elapsed time: 29.679819 seconds (0d 0h 0m 29s)

---------------  T H R E A D  ---------------

Current thread (0x000002f07f779070):  JavaThread "C2 CompilerThread0" daemon [_thread_in_native, id=14456, stack(0x000000f346e00000,0x000000f346f00000) (1024K)]


Current CompileTask:
C2:29680 9344       4       org.antlr.v4.runtime.atn.ParserATNSimulator::closure_ (717 bytes)

Stack: [0x000000f346e00000,0x000000f346f00000]
Native frames: (J=compiled Java code, j=interpreted, Vv=VM code, C=native code)
V  [jvm.dll+0x6d2449]
V  [jvm.dll+0x8ae341]
V  [jvm.dll+0x8b08be]
V  [jvm.dll+0x8b0fa3]
V  [jvm.dll+0x280c96]
V  [jvm.dll+0xc581d]
V  [jvm.dll+0xc5d53]
V  [jvm.dll+0x3b9162]
V  [jvm.dll+0x385315]
V  [jvm.dll+0x38477a]
V  [jvm.dll+0x248ed0]
V  [jvm.dll+0x2484af]
V  [jvm.dll+0x1c89ee]
V  [jvm.dll+0x257d4d]
V  [jvm.dll+0x2562ea]
V  [jvm.dll+0x3f2d16]
V  [jvm.dll+0x857e6b]
V  [jvm.dll+0x6d0b0d]
C  [ucrtbase.dll+0x29333]
C  [KERNEL32.DLL+0x1259d]
C  [ntdll.dll+0x5af78]


---------------  P R O C E S S  ---------------

Threads class SMR info:
_java_thread_list=0x000002f05bf63310, length=16, elements={
0x000002f07a89aa10, 0x000002f07f76ff40, 0x000002f07f770d40, 0x000002f07f772540,
0x000002f07f7740d0, 0x000002f07f774b20, 0x000002f07f775d10, 0x000002f07f779070,
0x000002f07f77bb80, 0x000002f07f740410, 0x000002f0584bd930, 0x000002f058856330,
0x000002f058f947f0, 0x000002f05bf66980, 0x000002f05bf64220, 0x000002f05c4baba0
}

Java Threads: ( => current thread )
  0x000002f07a89aa10 JavaThread "main"                              [_thread_in_Java, id=21276, stack(0x000000f346000000,0x000000f346100000) (1024K)]
  0x000002f07f76ff40 JavaThread "Reference Handler"          daemon [_thread_blocked, id=20384, stack(0x000000f346800000,0x000000f346900000) (1024K)]
  0x000002f07f770d40 JavaThread "Finalizer"                  daemon [_thread_blocked, id=19940, stack(0x000000f346900000,0x000000f346a00000) (1024K)]
  0x000002f07f772540 JavaThread "Signal Dispatcher"          daemon [_thread_blocked, id=20988, stack(0x000000f346a00000,0x000000f346b00000) (1024K)]
  0x000002f07f7740d0 JavaThread "Attach Listener"            daemon [_thread_blocked, id=21296, stack(0x000000f346b00000,0x000000f346c00000) (1024K)]
  0x000002f07f774b20 JavaThread "Service Thread"             daemon [_thread_blocked, id=21336, stack(0x000000f346c00000,0x000000f346d00000) (1024K)]
  0x000002f07f775d10 JavaThread "Monitor Deflation Thread"   daemon [_thread_blocked, id=19192, stack(0x000000f346d00000,0x000000f346e00000) (1024K)]
=>0x000002f07f779070 JavaThread "C2 CompilerThread0"         daemon [_thread_in_native, id=14456, stack(0x000000f346e00000,0x000000f346f00000) (1024K)]
  0x000002f07f77bb80 JavaThread "C1 CompilerThread0"         daemon [_thread_blocked, id=21272, stack(0x000000f346f00000,0x000000f347000000) (1024K)]
  0x000002f07f740410 JavaThread "Common-Cleaner"             daemon [_thread_blocked, id=10788, stack(0x000000f347000000,0x000000f347100000) (1024K)]
  0x000002f0584bd930 JavaThread "Notification Thread"        daemon [_thread_blocked, id=10844, stack(0x000000f347100000,0x000000f347200000) (1024K)]
  0x000002f058856330 JavaThread "surefire-forkedjvm-stream-flusher" daemon [_thread_blocked, id=6392, stack(0x000000f347200000,0x000000f347300000) (1024K)]
  0x000002f058f947f0 JavaThread "surefire-forkedjvm-command-thread" daemon [_thread_in_native, id=18468, stack(0x000000f347300000,0x000000f347400000) (1024K)]
  0x000002f05bf66980 JavaThread "mysql-cj-abandoned-connection-cleanup" daemon [_thread_blocked, id=21380, stack(0x000000f347d00000,0x000000f347e00000) (1024K)]
  0x000002f05bf64220 JavaThread "HikariPool-1:housekeeper"   daemon [_thread_blocked, id=14108, stack(0x000000f347f00000,0x000000f348000000) (1024K)]
  0x000002f05c4baba0 JavaThread "C2 CompilerThread1"         daemon [_thread_in_vm, id=20864, stack(0x000000f347b00000,0x000000f347c00000) (1024K)]
Total: 16

Other Threads:
  0x000002f07f752fe0 VMThread "VM Thread"                           [id=20896, stack(0x000000f346700000,0x000000f346800000) (1024K)]
  0x000002f07f73f420 WatcherThread "VM Periodic Task Thread"        [id=21304, stack(0x000000f346600000,0x000000f346700000) (1024K)]
  0x000002f07a8f1c70 WorkerThread "GC Thread#0"                     [id=15740, stack(0x000000f346100000,0x000000f346200000) (1024K)]
  0x000002f058f95060 WorkerThread "GC Thread#1"                     [id=19416, stack(0x000000f347400000,0x000000f347500000) (1024K)]
  0x000002f058f95400 WorkerThread "GC Thread#2"                     [id=6172, stack(0x000000f347500000,0x000000f347600000) (1024K)]
  0x000002f0589327e0 WorkerThread "GC Thread#3"                     [id=12484, stack(0x000000f347600000,0x000000f347700000) (1024K)]
  0x000002f058932b80 WorkerThread "GC Thread#4"                     [id=15448, stack(0x000000f347700000,0x000000f347800000) (1024K)]
  0x000002f059059a70 WorkerThread "GC Thread#5"                     [id=15324, stack(0x000000f347800000,0x000000f347900000) (1024K)]
  0x000002f059a4a950 WorkerThread "GC Thread#6"                     [id=12448, stack(0x000000f347900000,0x000000f347a00000) (1024K)]
  0x000002f059a4acf0 WorkerThread "GC Thread#7"                     [id=8620, stack(0x000000f347a00000,0x000000f347b00000) (1024K)]
  0x000002f07a902fa0 ConcurrentGCThread "G1 Main Marker"            [id=16876, stack(0x000000f346200000,0x000000f346300000) (1024K)]
  0x000002f07a903aa0 WorkerThread "G1 Conc#0"                       [id=18788, stack(0x000000f346300000,0x000000f346400000) (1024K)]
  0x000002f059c3aae0 WorkerThread "G1 Conc#1"                       [id=20208, stack(0x000000f347c00000,0x000000f347d00000) (1024K)]
  0x000002f07a95e990 ConcurrentGCThread "G1 Refine#0"               [id=20340, stack(0x000000f346400000,0x000000f346500000) (1024K)]
  0x000002f07f60f6a0 ConcurrentGCThread "G1 Service"                [id=15828, stack(0x000000f346500000,0x000000f346600000) (1024K)]
Total: 15

Threads with active compile tasks:
C2 CompilerThread0  29733 9344       4       org.antlr.v4.runtime.atn.ParserATNSimulator::closure_ (717 bytes)
C2 CompilerThread1  29733 9349       4       org.antlr.v4.runtime.atn.ArrayPredictionContext::equals (131 bytes)
Total: 2

VM state: not at safepoint (normal execution)

VM Mutex/Monitor currently owned by a thread: None

Heap address: 0x0000000082600000, size: 2010 MB, Compressed Oops mode: 32-bit

CDS archive(s) mapped at: [0x000002f013000000-0x000002f013c80000-0x000002f013c80000), size 13107200, SharedBaseAddress: 0x000002f013000000, ArchiveRelocationMode: 1.
Compressed class space mapped at: 0x000002f014000000-0x000002f054000000, reserved size: 1073741824
Narrow klass base: 0x000002f013000000, Narrow klass shift: 0, Narrow klass range: 0x100000000

GC Precious Log:
 CardTable entry size: 512
 Card Set container configuration: InlinePtr #cards 5 size 8 Array Of Cards #cards 12 size 40 Howl #buckets 4 coarsen threshold 1843 Howl Bitmap #cards 512 size 80 coarsen threshold 460 Card regions per heap region 1 cards per card region 2048
 CPUs: 8 total, 8 available
 Memory: 8037M
 Large Page Support: Disabled
 NUMA Support: Disabled
 Compressed Oops: Enabled (32-bit)
 Heap Region Size: 1M
 Heap Min Capacity: 8M
 Heap Initial Capacity: 126M
 Heap Max Capacity: 2010M
 Pre-touch: Disabled
 Parallel Workers: 8
 Concurrent Workers: 2
 Concurrent Refinement Workers: 8
 Periodic GC: Disabled

Heap:
 garbage-first heap   total 153600K, used 118079K [0x0000000082600000, 0x0000000100000000)
  region size 1024K, 88 young (90112K), 8 survivors (8192K)
 Metaspace       used 92968K, committed 93760K, reserved 1179648K
  class space    used 11485K, committed 11840K, reserved 1048576K

Heap Regions: E=young(eden), S=young(survivor), O=old, HS=humongous(starts), HC=humongous(continues), CS=collection set, F=free, TAMS=top-at-mark-start, PB=parsable bottom
|   0|0x0000000082600000, 0x0000000082700000, 0x0000000082700000|100%|HS|  |TAMS 0x0000000082600000| PB 0x0000000082600000| Complete 
|   1|0x0000000082700000, 0x0000000082800000, 0x0000000082800000|100%|HS|  |TAMS 0x0000000082700000| PB 0x0000000082700000| Complete 
|   2|0x0000000082800000, 0x0000000082900000, 0x0000000082900000|100%| O|  |TAMS 0x0000000082800000| PB 0x0000000082800000| Untracked 
|   3|0x0000000082900000, 0x0000000082a00000, 0x0000000082a00000|100%| O|  |TAMS 0x0000000082900000| PB 0x0000000082900000| Untracked 
|   4|0x0000000082a00000, 0x0000000082b00000, 0x0000000082b00000|100%| O|  |TAMS 0x0000000082a00000| PB 0x0000000082a00000| Untracked 
|   5|0x0000000082b00000, 0x0000000082c00000, 0x0000000082c00000|100%| O|  |TAMS 0x0000000082b00000| PB 0x0000000082b00000| Untracked 
|   6|0x0000000082c00000, 0x0000000082d00000, 0x0000000082d00000|100%| O|  |TAMS 0x0000000082c00000| PB 0x0000000082c00000| Untracked 
|   7|0x0000000082d00000, 0x0000000082e00000, 0x0000000082e00000|100%| O|  |TAMS 0x0000000082d00000| PB 0x0000000082d00000| Untracked 
|   8|0x0000000082e00000, 0x0000000082f00000, 0x0000000082f00000|100%| O|  |TAMS 0x0000000082e00000| PB 0x0000000082e00000| Untracked 
|   9|0x0000000082f00000, 0x0000000083000000, 0x0000000083000000|100%| O|  |TAMS 0x0000000082f00000| PB 0x0000000082f00000| Untracked 
|  10|0x0000000083000000, 0x0000000083100000, 0x0000000083100000|100%| O|  |TAMS 0x0000000083000000| PB 0x0000000083000000| Untracked 
|  11|0x0000000083100000, 0x0000000083200000, 0x0000000083200000|100%| O|  |TAMS 0x0000000083100000| PB 0x0000000083100000| Untracked 
|  12|0x0000000083200000, 0x0000000083300000, 0x0000000083300000|100%| O|  |TAMS 0x0000000083200000| PB 0x0000000083200000| Untracked 
|  13|0x0000000083300000, 0x0000000083400000, 0x0000000083400000|100%| O|  |TAMS 0x0000000083300000| PB 0x0000000083300000| Untracked 
|  14|0x0000000083400000, 0x0000000083500000, 0x0000000083500000|100%| O|  |TAMS 0x0000000083400000| PB 0x0000000083400000| Untracked 
|  15|0x0000000083500000, 0x0000000083600000, 0x0000000083600000|100%| O|  |TAMS 0x0000000083500000| PB 0x0000000083500000| Untracked 
|  16|0x0000000083600000, 0x0000000083700000, 0x0000000083700000|100%| O|  |TAMS 0x0000000083600000| PB 0x0000000083600000| Untracked 
|  17|0x0000000083700000, 0x0000000083800000, 0x0000000083800000|100%| O|  |TAMS 0x0000000083700000| PB 0x0000000083700000| Untracked 
|  18|0x0000000083800000, 0x00000000838f0428, 0x0000000083900000| 93%| O|  |TAMS 0x0000000083800000| PB 0x0000000083800000| Untracked 
|  19|0x0000000083900000, 0x0000000083a00000, 0x0000000083a00000|100%| O|  |TAMS 0x0000000083900000| PB 0x0000000083900000| Untracked 
|  20|0x0000000083a00000, 0x0000000083b00000, 0x0000000083b00000|100%| O|  |TAMS 0x0000000083a00000| PB 0x0000000083a00000| Untracked 
|  21|0x0000000083b00000, 0x0000000083c00000, 0x0000000083c00000|100%| O|  |TAMS 0x0000000083b00000| PB 0x0000000083b00000| Untracked 
|  22|0x0000000083c00000, 0x0000000083d00000, 0x0000000083d00000|100%| O|  |TAMS 0x0000000083c00000| PB 0x0000000083c00000| Untracked 
|  23|0x0000000083d00000, 0x0000000083e00000, 0x0000000083e00000|100%| O|  |TAMS 0x0000000083d00000| PB 0x0000000083d00000| Untracked 
|  24|0x0000000083e00000, 0x0000000083f00000, 0x0000000083f00000|100%| O|  |TAMS 0x0000000083e00000| PB 0x0000000083e00000| Untracked 
|  25|0x0000000083f00000, 0x0000000083facf80, 0x0000000084000000| 67%| O|  |TAMS 0x0000000083f00000| PB 0x0000000083f00000| Untracked 
|  26|0x0000000084000000, 0x0000000084100000, 0x0000000084100000|100%| O|  |TAMS 0x0000000084000000| PB 0x0000000084000000| Untracked 
|  27|0x0000000084100000, 0x0000000084200000, 0x0000000084200000|100%| O|  |TAMS 0x0000000084100000| PB 0x0000000084100000| Untracked 
|  28|0x0000000084200000, 0x0000000084300000, 0x0000000084300000|100%| O|  |TAMS 0x0000000084200000| PB 0x0000000084200000| Untracked 
|  29|0x0000000084300000, 0x0000000084359ca0, 0x0000000084400000| 35%| O|  |TAMS 0x0000000084300000| PB 0x0000000084300000| Untracked 
|  30|0x0000000084400000, 0x0000000084400000, 0x0000000084500000|  0%| F|  |TAMS 0x0000000084400000| PB 0x0000000084400000| Untracked 
|  31|0x0000000084500000, 0x0000000084500000, 0x0000000084600000|  0%| F|  |TAMS 0x0000000084500000| PB 0x0000000084500000| Untracked 
|  32|0x0000000084600000, 0x0000000084600000, 0x0000000084700000|  0%| F|  |TAMS 0x0000000084600000| PB 0x0000000084600000| Untracked 
|  33|0x0000000084700000, 0x0000000084700000, 0x0000000084800000|  0%| F|  |TAMS 0x0000000084700000| PB 0x0000000084700000| Untracked 
|  34|0x0000000084800000, 0x0000000084800000, 0x0000000084900000|  0%| F|  |TAMS 0x0000000084800000| PB 0x0000000084800000| Untracked 
|  35|0x0000000084900000, 0x0000000084900000, 0x0000000084a00000|  0%| F|  |TAMS 0x0000000084900000| PB 0x0000000084900000| Untracked 
|  36|0x0000000084a00000, 0x0000000084a00000, 0x0000000084b00000|  0%| F|  |TAMS 0x0000000084a00000| PB 0x0000000084a00000| Untracked 
|  37|0x0000000084b00000, 0x0000000084b00000, 0x0000000084c00000|  0%| F|  |TAMS 0x0000000084b00000| PB 0x0000000084b00000| Untracked 
|  38|0x0000000084c00000, 0x0000000084c00000, 0x0000000084d00000|  0%| F|  |TAMS 0x0000000084c00000| PB 0x0000000084c00000| Untracked 
|  39|0x0000000084d00000, 0x0000000084d00000, 0x0000000084e00000|  0%| F|  |TAMS 0x0000000084d00000| PB 0x0000000084d00000| Untracked 
|  40|0x0000000084e00000, 0x0000000084e00000, 0x0000000084f00000|  0%| F|  |TAMS 0x0000000084e00000| PB 0x0000000084e00000| Untracked 
|  41|0x0000000084f00000, 0x0000000084f00000, 0x0000000085000000|  0%| F|  |TAMS 0x0000000084f00000| PB 0x0000000084f00000| Untracked 
|  42|0x0000000085000000, 0x0000000085000000, 0x0000000085100000|  0%| F|  |TAMS 0x0000000085000000| PB 0x0000000085000000| Untracked 
|  43|0x0000000085100000, 0x0000000085100000, 0x0000000085200000|  0%| F|  |TAMS 0x0000000085100000| PB 0x0000000085100000| Untracked 
|  44|0x0000000085200000, 0x0000000085200000, 0x0000000085300000|  0%| F|  |TAMS 0x0000000085200000| PB 0x0000000085200000| Untracked 
|  45|0x0000000085300000, 0x0000000085300000, 0x0000000085400000|  0%| F|  |TAMS 0x0000000085300000| PB 0x0000000085300000| Untracked 
|  46|0x0000000085400000, 0x0000000085400000, 0x0000000085500000|  0%| F|  |TAMS 0x0000000085400000| PB 0x0000000085400000| Untracked 
|  47|0x0000000085500000, 0x0000000085500000, 0x0000000085600000|  0%| F|  |TAMS 0x0000000085500000| PB 0x0000000085500000| Untracked 
|  48|0x0000000085600000, 0x0000000085600000, 0x0000000085700000|  0%| F|  |TAMS 0x0000000085600000| PB 0x0000000085600000| Untracked 
|  49|0x0000000085700000, 0x0000000085700000, 0x0000000085800000|  0%| F|  |TAMS 0x0000000085700000| PB 0x0000000085700000| Untracked 
|  50|0x0000000085800000, 0x0000000085800000, 0x0000000085900000|  0%| F|  |TAMS 0x0000000085800000| PB 0x0000000085800000| Untracked 
|  51|0x0000000085900000, 0x0000000085900000, 0x0000000085a00000|  0%| F|  |TAMS 0x0000000085900000| PB 0x0000000085900000| Untracked 
|  52|0x0000000085a00000, 0x0000000085a58ca8, 0x0000000085b00000| 34%| S|CS|TAMS 0x0000000085a00000| PB 0x0000000085a00000| Complete 
|  53|0x0000000085b00000, 0x0000000085c00000, 0x0000000085c00000|100%| S|CS|TAMS 0x0000000085b00000| PB 0x0000000085b00000| Complete 
|  54|0x0000000085c00000, 0x0000000085d00000, 0x0000000085d00000|100%| S|CS|TAMS 0x0000000085c00000| PB 0x0000000085c00000| Complete 
|  55|0x0000000085d00000, 0x0000000085e00000, 0x0000000085e00000|100%| S|CS|TAMS 0x0000000085d00000| PB 0x0000000085d00000| Complete 
|  56|0x0000000085e00000, 0x0000000085f00000, 0x0000000085f00000|100%| S|CS|TAMS 0x0000000085e00000| PB 0x0000000085e00000| Complete 
|  57|0x0000000085f00000, 0x0000000086000000, 0x0000000086000000|100%| S|CS|TAMS 0x0000000085f00000| PB 0x0000000085f00000| Complete 
|  58|0x0000000086000000, 0x0000000086000000, 0x0000000086100000|  0%| F|  |TAMS 0x0000000086000000| PB 0x0000000086000000| Untracked 
|  59|0x0000000086100000, 0x0000000086100000, 0x0000000086200000|  0%| F|  |TAMS 0x0000000086100000| PB 0x0000000086100000| Untracked 
|  60|0x0000000086200000, 0x0000000086200000, 0x0000000086300000|  0%| F|  |TAMS 0x0000000086200000| PB 0x0000000086200000| Untracked 
|  61|0x0000000086300000, 0x0000000086300000, 0x0000000086400000|  0%| F|  |TAMS 0x0000000086300000| PB 0x0000000086300000| Untracked 
|  62|0x0000000086400000, 0x0000000086400000, 0x0000000086500000|  0%| F|  |TAMS 0x0000000086400000| PB 0x0000000086400000| Untracked 
|  63|0x0000000086500000, 0x0000000086500000, 0x0000000086600000|  0%| F|  |TAMS 0x0000000086500000| PB 0x0000000086500000| Untracked 
|  64|0x0000000086600000, 0x0000000086600000, 0x0000000086700000|  0%| F|  |TAMS 0x0000000086600000| PB 0x0000000086600000| Untracked 
|  65|0x0000000086700000, 0x0000000086800000, 0x0000000086800000|100%| S|CS|TAMS 0x0000000086700000| PB 0x0000000086700000| Complete 
|  66|0x0000000086800000, 0x0000000086900000, 0x0000000086900000|100%| S|CS|TAMS 0x0000000086800000| PB 0x0000000086800000| Complete 
|  67|0x0000000086900000, 0x0000000086900000, 0x0000000086a00000|  0%| F|  |TAMS 0x0000000086900000| PB 0x0000000086900000| Untracked 
|  68|0x0000000086a00000, 0x0000000086a00000, 0x0000000086b00000|  0%| F|  |TAMS 0x0000000086a00000| PB 0x0000000086a00000| Untracked 
|  69|0x0000000086b00000, 0x0000000086b80000, 0x0000000086c00000| 50%| E|  |TAMS 0x0000000086b00000| PB 0x0000000086b00000| Complete 
|  70|0x0000000086c00000, 0x0000000086d00000, 0x0000000086d00000|100%| E|CS|TAMS 0x0000000086c00000| PB 0x0000000086c00000| Complete 
|  71|0x0000000086d00000, 0x0000000086e00000, 0x0000000086e00000|100%| E|CS|TAMS 0x0000000086d00000| PB 0x0000000086d00000| Complete 
|  72|0x0000000086e00000, 0x0000000086f00000, 0x0000000086f00000|100%| E|CS|TAMS 0x0000000086e00000| PB 0x0000000086e00000| Complete 
|  73|0x0000000086f00000, 0x0000000087000000, 0x0000000087000000|100%| E|CS|TAMS 0x0000000086f00000| PB 0x0000000086f00000| Complete 
|  74|0x0000000087000000, 0x0000000087100000, 0x0000000087100000|100%| E|CS|TAMS 0x0000000087000000| PB 0x0000000087000000| Complete 
|  75|0x0000000087100000, 0x0000000087200000, 0x0000000087200000|100%| E|CS|TAMS 0x0000000087100000| PB 0x0000000087100000| Complete 
|  76|0x0000000087200000, 0x0000000087300000, 0x0000000087300000|100%| E|CS|TAMS 0x0000000087200000| PB 0x0000000087200000| Complete 
|  77|0x0000000087300000, 0x0000000087400000, 0x0000000087400000|100%| E|CS|TAMS 0x0000000087300000| PB 0x0000000087300000| Complete 
|  78|0x0000000087400000, 0x0000000087500000, 0x0000000087500000|100%| E|CS|TAMS 0x0000000087400000| PB 0x0000000087400000| Complete 
|  79|0x0000000087500000, 0x0000000087600000, 0x0000000087600000|100%| E|CS|TAMS 0x0000000087500000| PB 0x0000000087500000| Complete 
|  80|0x0000000087600000, 0x0000000087700000, 0x0000000087700000|100%| E|CS|TAMS 0x0000000087600000| PB 0x0000000087600000| Complete 
|  81|0x0000000087700000, 0x0000000087800000, 0x0000000087800000|100%| E|CS|TAMS 0x0000000087700000| PB 0x0000000087700000| Complete 
|  82|0x0000000087800000, 0x0000000087900000, 0x0000000087900000|100%| E|CS|TAMS 0x0000000087800000| PB 0x0000000087800000| Complete 
|  83|0x0000000087900000, 0x0000000087a00000, 0x0000000087a00000|100%| E|CS|TAMS 0x0000000087900000| PB 0x0000000087900000| Complete 
|  84|0x0000000087a00000, 0x0000000087b00000, 0x0000000087b00000|100%| E|CS|TAMS 0x0000000087a00000| PB 0x0000000087a00000| Complete 
|  85|0x0000000087b00000, 0x0000000087c00000, 0x0000000087c00000|100%| E|CS|TAMS 0x0000000087b00000| PB 0x0000000087b00000| Complete 
|  86|0x0000000087c00000, 0x0000000087d00000, 0x0000000087d00000|100%| E|CS|TAMS 0x0000000087c00000| PB 0x0000000087c00000| Complete 
|  87|0x0000000087d00000, 0x0000000087e00000, 0x0000000087e00000|100%| E|CS|TAMS 0x0000000087d00000| PB 0x0000000087d00000| Complete 
|  88|0x0000000087e00000, 0x0000000087f00000, 0x0000000087f00000|100%| E|CS|TAMS 0x0000000087e00000| PB 0x0000000087e00000| Complete 
|  89|0x0000000087f00000, 0x0000000088000000, 0x0000000088000000|100%| E|CS|TAMS 0x0000000087f00000| PB 0x0000000087f00000| Complete 
|  90|0x0000000088000000, 0x0000000088100000, 0x0000000088100000|100%| E|CS|TAMS 0x0000000088000000| PB 0x0000000088000000| Complete 
|  91|0x0000000088100000, 0x0000000088200000, 0x0000000088200000|100%| E|CS|TAMS 0x0000000088100000| PB 0x0000000088100000| Complete 
|  92|0x0000000088200000, 0x0000000088300000, 0x0000000088300000|100%| E|CS|TAMS 0x0000000088200000| PB 0x0000000088200000| Complete 
|  93|0x0000000088300000, 0x0000000088400000, 0x0000000088400000|100%| E|CS|TAMS 0x0000000088300000| PB 0x0000000088300000| Complete 
|  94|0x0000000088400000, 0x0000000088500000, 0x0000000088500000|100%| E|CS|TAMS 0x0000000088400000| PB 0x0000000088400000| Complete 
|  95|0x0000000088500000, 0x0000000088600000, 0x0000000088600000|100%| E|CS|TAMS 0x0000000088500000| PB 0x0000000088500000| Complete 
|  96|0x0000000088600000, 0x0000000088700000, 0x0000000088700000|100%| E|CS|TAMS 0x0000000088600000| PB 0x0000000088600000| Complete 
|  97|0x0000000088700000, 0x0000000088800000, 0x0000000088800000|100%| E|CS|TAMS 0x0000000088700000| PB 0x0000000088700000| Complete 
|  98|0x0000000088800000, 0x0000000088900000, 0x0000000088900000|100%| E|CS|TAMS 0x0000000088800000| PB 0x0000000088800000| Complete 
|  99|0x0000000088900000, 0x0000000088a00000, 0x0000000088a00000|100%| E|CS|TAMS 0x0000000088900000| PB 0x0000000088900000| Complete 
| 100|0x0000000088a00000, 0x0000000088b00000, 0x0000000088b00000|100%| E|CS|TAMS 0x0000000088a00000| PB 0x0000000088a00000| Complete 
| 101|0x0000000088b00000, 0x0000000088c00000, 0x0000000088c00000|100%| E|CS|TAMS 0x0000000088b00000| PB 0x0000000088b00000| Complete 
| 102|0x0000000088c00000, 0x0000000088d00000, 0x0000000088d00000|100%| E|CS|TAMS 0x0000000088c00000| PB 0x0000000088c00000| Complete 
| 103|0x0000000088d00000, 0x0000000088e00000, 0x0000000088e00000|100%| E|CS|TAMS 0x0000000088d00000| PB 0x0000000088d00000| Complete 
| 104|0x0000000088e00000, 0x0000000088f00000, 0x0000000088f00000|100%| E|CS|TAMS 0x0000000088e00000| PB 0x0000000088e00000| Complete 
| 105|0x0000000088f00000, 0x0000000089000000, 0x0000000089000000|100%| E|CS|TAMS 0x0000000088f00000| PB 0x0000000088f00000| Complete 
| 106|0x0000000089000000, 0x0000000089100000, 0x0000000089100000|100%| E|CS|TAMS 0x0000000089000000| PB 0x0000000089000000| Complete 
| 107|0x0000000089100000, 0x0000000089200000, 0x0000000089200000|100%| E|CS|TAMS 0x0000000089100000| PB 0x0000000089100000| Complete 
| 108|0x0000000089200000, 0x0000000089300000, 0x0000000089300000|100%| E|CS|TAMS 0x0000000089200000| PB 0x0000000089200000| Complete 
| 109|0x0000000089300000, 0x0000000089400000, 0x0000000089400000|100%| E|CS|TAMS 0x0000000089300000| PB 0x0000000089300000| Complete 
| 110|0x0000000089400000, 0x0000000089500000, 0x0000000089500000|100%| E|CS|TAMS 0x0000000089400000| PB 0x0000000089400000| Complete 
| 111|0x0000000089500000, 0x0000000089600000, 0x0000000089600000|100%| E|CS|TAMS 0x0000000089500000| PB 0x0000000089500000| Complete 
| 112|0x0000000089600000, 0x0000000089700000, 0x0000000089700000|100%| E|CS|TAMS 0x0000000089600000| PB 0x0000000089600000| Complete 
| 113|0x0000000089700000, 0x0000000089800000, 0x0000000089800000|100%| E|CS|TAMS 0x0000000089700000| PB 0x0000000089700000| Complete 
| 114|0x0000000089800000, 0x0000000089900000, 0x0000000089900000|100%| E|CS|TAMS 0x0000000089800000| PB 0x0000000089800000| Complete 
| 115|0x0000000089900000, 0x0000000089a00000, 0x0000000089a00000|100%| E|CS|TAMS 0x0000000089900000| PB 0x0000000089900000| Complete 
| 116|0x0000000089a00000, 0x0000000089b00000, 0x0000000089b00000|100%| E|CS|TAMS 0x0000000089a00000| PB 0x0000000089a00000| Complete 
| 117|0x0000000089b00000, 0x0000000089c00000, 0x0000000089c00000|100%| E|CS|TAMS 0x0000000089b00000| PB 0x0000000089b00000| Complete 
| 118|0x0000000089c00000, 0x0000000089d00000, 0x0000000089d00000|100%| E|CS|TAMS 0x0000000089c00000| PB 0x0000000089c00000| Complete 
| 119|0x0000000089d00000, 0x0000000089e00000, 0x0000000089e00000|100%| E|CS|TAMS 0x0000000089d00000| PB 0x0000000089d00000| Complete 
| 120|0x0000000089e00000, 0x0000000089f00000, 0x0000000089f00000|100%| E|CS|TAMS 0x0000000089e00000| PB 0x0000000089e00000| Complete 
| 121|0x0000000089f00000, 0x000000008a000000, 0x000000008a000000|100%| E|CS|TAMS 0x0000000089f00000| PB 0x0000000089f00000| Complete 
| 122|0x000000008a000000, 0x000000008a100000, 0x000000008a100000|100%| E|CS|TAMS 0x000000008a000000| PB 0x000000008a000000| Complete 
| 123|0x000000008a100000, 0x000000008a200000, 0x000000008a200000|100%| E|CS|TAMS 0x000000008a100000| PB 0x000000008a100000| Complete 
| 124|0x000000008a200000, 0x000000008a300000, 0x000000008a300000|100%| E|CS|TAMS 0x000000008a200000| PB 0x000000008a200000| Complete 
| 125|0x000000008a300000, 0x000000008a400000, 0x000000008a400000|100%| E|CS|TAMS 0x000000008a300000| PB 0x000000008a300000| Complete 
| 126|0x000000008a400000, 0x000000008a500000, 0x000000008a500000|100%| E|CS|TAMS 0x000000008a400000| PB 0x000000008a400000| Complete 
| 127|0x000000008a500000, 0x000000008a600000, 0x000000008a600000|100%| E|CS|TAMS 0x000000008a500000| PB 0x000000008a500000| Complete 
| 128|0x000000008a600000, 0x000000008a700000, 0x000000008a700000|100%| E|CS|TAMS 0x000000008a600000| PB 0x000000008a600000| Complete 
| 129|0x000000008a700000, 0x000000008a800000, 0x000000008a800000|100%| E|CS|TAMS 0x000000008a700000| PB 0x000000008a700000| Complete 
| 130|0x000000008a800000, 0x000000008a900000, 0x000000008a900000|100%| E|CS|TAMS 0x000000008a800000| PB 0x000000008a800000| Complete 
| 131|0x000000008a900000, 0x000000008aa00000, 0x000000008aa00000|100%| E|CS|TAMS 0x000000008a900000| PB 0x000000008a900000| Complete 
| 132|0x000000008aa00000, 0x000000008ab00000, 0x000000008ab00000|100%| E|CS|TAMS 0x000000008aa00000| PB 0x000000008aa00000| Complete 
| 133|0x000000008ab00000, 0x000000008ac00000, 0x000000008ac00000|100%| E|CS|TAMS 0x000000008ab00000| PB 0x000000008ab00000| Complete 
| 134|0x000000008ac00000, 0x000000008ad00000, 0x000000008ad00000|100%| E|CS|TAMS 0x000000008ac00000| PB 0x000000008ac00000| Complete 
| 135|0x000000008ad00000, 0x000000008ae00000, 0x000000008ae00000|100%| E|CS|TAMS 0x000000008ad00000| PB 0x000000008ad00000| Complete 
| 136|0x000000008ae00000, 0x000000008af00000, 0x000000008af00000|100%| E|CS|TAMS 0x000000008ae00000| PB 0x000000008ae00000| Complete 
| 137|0x000000008af00000, 0x000000008b000000, 0x000000008b000000|100%| E|CS|TAMS 0x000000008af00000| PB 0x000000008af00000| Complete 
| 138|0x000000008b000000, 0x000000008b100000, 0x000000008b100000|100%| E|CS|TAMS 0x000000008b000000| PB 0x000000008b000000| Complete 
| 139|0x000000008b100000, 0x000000008b200000, 0x000000008b200000|100%| E|CS|TAMS 0x000000008b100000| PB 0x000000008b100000| Complete 
| 140|0x000000008b200000, 0x000000008b300000, 0x000000008b300000|100%| E|CS|TAMS 0x000000008b200000| PB 0x000000008b200000| Complete 
| 141|0x000000008b300000, 0x000000008b400000, 0x000000008b400000|100%| E|CS|TAMS 0x000000008b300000| PB 0x000000008b300000| Complete 
| 142|0x000000008b400000, 0x000000008b500000, 0x000000008b500000|100%| E|CS|TAMS 0x000000008b400000| PB 0x000000008b400000| Complete 
| 143|0x000000008b500000, 0x000000008b600000, 0x000000008b600000|100%| E|CS|TAMS 0x000000008b500000| PB 0x000000008b500000| Complete 
| 144|0x000000008b600000, 0x000000008b700000, 0x000000008b700000|100%| E|CS|TAMS 0x000000008b600000| PB 0x000000008b600000| Complete 
| 145|0x000000008b700000, 0x000000008b800000, 0x000000008b800000|100%| E|CS|TAMS 0x000000008b700000| PB 0x000000008b700000| Complete 
| 146|0x000000008b800000, 0x000000008b900000, 0x000000008b900000|100%| E|CS|TAMS 0x000000008b800000| PB 0x000000008b800000| Complete 
| 147|0x000000008b900000, 0x000000008ba00000, 0x000000008ba00000|100%| E|CS|TAMS 0x000000008b900000| PB 0x000000008b900000| Complete 
| 148|0x000000008ba00000, 0x000000008bb00000, 0x000000008bb00000|100%| E|CS|TAMS 0x000000008ba00000| PB 0x000000008ba00000| Complete 
| 149|0x000000008bb00000, 0x000000008bc00000, 0x000000008bc00000|100%| E|CS|TAMS 0x000000008bb00000| PB 0x000000008bb00000| Complete 

Card table byte_map: [0x000002f07e960000,0x000002f07ed50000] _byte_map_base: 0x000002f07e54d000

Marking Bits: (CMBitMap*) 0x000002f07a8f2b80
 Bits: [0x000002f00f000000, 0x000002f010f68000)

Polling page: 0x000002f0786d0000

Metaspace:

Usage:
  Non-class:     79.57 MB used.
      Class:     11.22 MB used.
       Both:     90.79 MB used.

Virtual space:
  Non-class space:      128.00 MB reserved,      80.00 MB ( 62%) committed,  2 nodes.
      Class space:        1.00 GB reserved,      11.56 MB (  1%) committed,  1 nodes.
             Both:        1.12 GB reserved,      91.56 MB (  8%) committed. 

Chunk freelists:
   Non-Class:  15.73 MB
       Class:  4.36 MB
        Both:  20.09 MB

MaxMetaspaceSize: unlimited
CompressedClassSpaceSize: 1.00 GB
Initial GC threshold: 21.00 MB
Current GC threshold: 98.44 MB
CDS: on
 - commit_granule_bytes: 65536.
 - commit_granule_words: 8192.
 - virtual_space_node_default_size: 8388608.
 - enlarge_chunks_in_place: 1.
 - use_allocation_guard: 0.


Internal statistics:

num_allocs_failed_limit: 12.
num_arena_births: 964.
num_arena_deaths: 0.
num_vsnodes_births: 3.
num_vsnodes_deaths: 0.
num_space_committed: 1465.
num_space_uncommitted: 0.
num_chunks_returned_to_freelist: 12.
num_chunks_taken_from_freelist: 4139.
num_chunk_merges: 6.
num_chunk_splits: 3146.
num_chunks_enlarged: 2584.
num_inconsistent_stats: 0.

CodeHeap 'non-profiled nmethods': size=120000Kb used=5517Kb max_used=5517Kb free=114482Kb
 bounds [0x000002f007ad0000, 0x000002f008040000, 0x000002f00f000000]
CodeHeap 'profiled nmethods': size=120000Kb used=16187Kb max_used=16187Kb free=103812Kb
 bounds [0x000002f000000000, 0x000002f000fd0000, 0x000002f007530000]
CodeHeap 'non-nmethods': size=5760Kb used=1751Kb max_used=1837Kb free=4008Kb
 bounds [0x000002f007530000, 0x000002f0077a0000, 0x000002f007ad0000]
CodeCache: size=245760Kb, used=23455Kb, max_used=23541Kb, free=222302Kb
 total_blobs=8894, nmethods=8129, adapters=668, full_count=0
Compilation: enabled, stopped_count=0, restarted_count=0

Compilation events (20 events):
Event: 29.587 Thread 0x000002f07f77bb80 9355       3       java.util.BitSet::cardinality (32 bytes)
Event: 29.587 Thread 0x000002f07f77bb80 nmethod 9355 0x000002f000fcc510 code [0x000002f000fcc6c0, 0x000002f000fcc8f8]
Event: 29.588 Thread 0x000002f07f77bb80 9356       2       java.util.concurrent.ThreadPoolExecutor$Worker::lock (6 bytes)
Event: 29.588 Thread 0x000002f07f77bb80 nmethod 9356 0x000002f000fcca10 code [0x000002f000fccbc0, 0x000002f000fccce8]
Event: 29.588 Thread 0x000002f07f77bb80 9357       2       java.util.concurrent.ThreadPoolExecutor$Worker::tryAcquire (20 bytes)
Event: 29.589 Thread 0x000002f07f77bb80 nmethod 9357 0x000002f000fccd90 code [0x000002f000fccf40, 0x000002f000fcd110]
Event: 29.589 Thread 0x000002f07f77bb80 9358       2       java.util.concurrent.ThreadPoolExecutor::beforeExecute (1 bytes)
Event: 29.589 Thread 0x000002f07f77bb80 nmethod 9358 0x000002f000fcd190 code [0x000002f000fcd320, 0x000002f000fcd428]
Event: 29.589 Thread 0x000002f07f77bb80 9359       2       org.antlr.v4.runtime.atn.ATNConfigSet$AbstractConfigHashSet::<init> (17 bytes)
Event: 29.590 Thread 0x000002f07f77bb80 nmethod 9359 0x000002f000fcd490 code [0x000002f000fcd640, 0x000002f000fcd7d0]
Event: 29.590 Thread 0x000002f07f77bb80 9360       2       org.antlr.v4.runtime.atn.ATNConfigSet$AbstractConfigHashSet::<init> (18 bytes)
Event: 29.591 Thread 0x000002f07f77bb80 nmethod 9360 0x000002f000fcd910 code [0x000002f000fcdac0, 0x000002f000fcdc58]
Event: 29.591 Thread 0x000002f07f77bb80 9361       2       org.antlr.v4.runtime.atn.LexerATNConfig::equals (91 bytes)
Event: 29.592 Thread 0x000002f07f77bb80 nmethod 9361 0x000002f000fcdd90 code [0x000002f000fcdfa0, 0x000002f000fce388]
Event: 29.593 Thread 0x000002f07f77bb80 9364       2       org.antlr.v4.runtime.atn.PrecedencePredicateTransition::isEpsilon (10 bytes)
Event: 29.594 Thread 0x000002f07f77bb80 nmethod 9364 0x000002f000fce610 code [0x000002f000fce7c0, 0x000002f000fce910]
Event: 29.627 Thread 0x000002f05c4baba0 nmethod 9348 0x000002f008029f90 code [0x000002f00802a2c0, 0x000002f00802bf78]
Event: 29.627 Thread 0x000002f05c4baba0 9362       4       org.antlr.v4.runtime.atn.ParserATNSimulator::canDropLoopEntryEdgeInLeftRecursiveRule (606 bytes)
Event: 29.661 Thread 0x000002f05c4baba0 nmethod 9362 0x000002f00802d090 code [0x000002f00802d440, 0x000002f00802e780]
Event: 29.662 Thread 0x000002f05c4baba0 9366       4       org.antlr.v4.runtime.misc.Array2DHashSet::getOrAddImpl (208 bytes)

GC Heap History (20 events):
Event: 20.387 GC heap before
{Heap before GC invocations=27 (full 0):
 garbage-first heap   total 109568K, used 31494K [0x0000000082600000, 0x0000000100000000)
  region size 1024K, 7 young (7168K), 5 survivors (5120K)
 Metaspace       used 59506K, committed 60096K, reserved 1114112K
  class space    used 7376K, committed 7616K, reserved 1048576K
}
Event: 20.397 GC heap after
{Heap after GC invocations=28 (full 0):
 garbage-first heap   total 109568K, used 30741K [0x0000000082600000, 0x0000000100000000)
  region size 1024K, 5 young (5120K), 5 survivors (5120K)
 Metaspace       used 59506K, committed 60096K, reserved 1114112K
  class space    used 7376K, committed 7616K, reserved 1048576K
}
Event: 21.357 GC heap before
{Heap before GC invocations=29 (full 0):
 garbage-first heap   total 106496K, used 89109K [0x0000000082600000, 0x0000000100000000)
  region size 1024K, 62 young (63488K), 5 survivors (5120K)
 Metaspace       used 63231K, committed 63872K, reserved 1114112K
  class space    used 7810K, committed 8064K, reserved 1048576K
}
Event: 21.371 GC heap after
{Heap after GC invocations=30 (full 0):
 garbage-first heap   total 106496K, used 31348K [0x0000000082600000, 0x0000000100000000)
  region size 1024K, 5 young (5120K), 5 survivors (5120K)
 Metaspace       used 63231K, committed 63872K, reserved 1114112K
  class space    used 7810K, committed 8064K, reserved 1048576K
}
Event: 21.906 GC heap before
{Heap before GC invocations=30 (full 0):
 garbage-first heap   total 106496K, used 89716K [0x0000000082600000, 0x0000000100000000)
  region size 1024K, 62 young (63488K), 5 survivors (5120K)
 Metaspace       used 65854K, committed 66496K, reserved 1114112K
  class space    used 8053K, committed 8320K, reserved 1048576K
}
Event: 21.924 GC heap after
{Heap after GC invocations=31 (full 0):
 garbage-first heap   total 106496K, used 31484K [0x0000000082600000, 0x0000000100000000)
  region size 1024K, 5 young (5120K), 5 survivors (5120K)
 Metaspace       used 65854K, committed 66496K, reserved 1114112K
  class space    used 8053K, committed 8320K, reserved 1048576K
}
Event: 22.398 GC heap before
{Heap before GC invocations=31 (full 0):
 garbage-first heap   total 106496K, used 89852K [0x0000000082600000, 0x0000000100000000)
  region size 1024K, 62 young (63488K), 5 survivors (5120K)
 Metaspace       used 68041K, committed 68672K, reserved 1114112K
  class space    used 8243K, committed 8512K, reserved 1048576K
}
Event: 22.411 GC heap after
{Heap after GC invocations=32 (full 0):
 garbage-first heap   total 128000K, used 32121K [0x0000000082600000, 0x0000000100000000)
  region size 1024K, 5 young (5120K), 5 survivors (5120K)
 Metaspace       used 68041K, committed 68672K, reserved 1114112K
  class space    used 8243K, committed 8512K, reserved 1048576K
}
Event: 23.086 GC heap before
{Heap before GC invocations=32 (full 0):
 garbage-first heap   total 128000K, used 103801K [0x0000000082600000, 0x0000000100000000)
  region size 1024K, 75 young (76800K), 5 survivors (5120K)
 Metaspace       used 70916K, committed 71552K, reserved 1114112K
  class space    used 8544K, committed 8832K, reserved 1048576K
}
Event: 23.095 GC heap after
{Heap after GC invocations=33 (full 0):
 garbage-first heap   total 128000K, used 32235K [0x0000000082600000, 0x0000000100000000)
  region size 1024K, 5 young (5120K), 5 survivors (5120K)
 Metaspace       used 70916K, committed 71552K, reserved 1114112K
  class space    used 8544K, committed 8832K, reserved 1048576K
}
Event: 23.884 GC heap before
{Heap before GC invocations=33 (full 0):
 garbage-first heap   total 128000K, used 102891K [0x0000000082600000, 0x0000000100000000)
  region size 1024K, 75 young (76800K), 5 survivors (5120K)
 Metaspace       used 74151K, committed 74816K, reserved 1179648K
  class space    used 8920K, committed 9216K, reserved 1048576K
}
Event: 23.894 GC heap after
{Heap after GC invocations=34 (full 0):
 garbage-first heap   total 128000K, used 35021K [0x0000000082600000, 0x0000000100000000)
  region size 1024K, 8 young (8192K), 8 survivors (8192K)
 Metaspace       used 74151K, committed 74816K, reserved 1179648K
  class space    used 8920K, committed 9216K, reserved 1048576K
}
Event: 24.789 GC heap before
{Heap before GC invocations=34 (full 0):
 garbage-first heap   total 128000K, used 103629K [0x0000000082600000, 0x0000000100000000)
  region size 1024K, 75 young (76800K), 8 survivors (8192K)
 Metaspace       used 78718K, committed 79296K, reserved 1179648K
  class space    used 9612K, committed 9856K, reserved 1048576K
}
Event: 24.800 GC heap after
{Heap after GC invocations=35 (full 0):
 garbage-first heap   total 128000K, used 33756K [0x0000000082600000, 0x0000000100000000)
  region size 1024K, 4 young (4096K), 4 survivors (4096K)
 Metaspace       used 78718K, committed 79296K, reserved 1179648K
  class space    used 9612K, committed 9856K, reserved 1048576K
}
Event: 25.787 GC heap before
{Heap before GC invocations=35 (full 0):
 garbage-first heap   total 128000K, used 106460K [0x0000000082600000, 0x0000000100000000)
  region size 1024K, 75 young (76800K), 4 survivors (4096K)
 Metaspace       used 82329K, committed 82944K, reserved 1179648K
  class space    used 10077K, committed 10368K, reserved 1048576K
}
Event: 25.795 GC heap after
{Heap after GC invocations=36 (full 0):
 garbage-first heap   total 153600K, used 34266K [0x0000000082600000, 0x0000000100000000)
  region size 1024K, 5 young (5120K), 5 survivors (5120K)
 Metaspace       used 82329K, committed 82944K, reserved 1179648K
  class space    used 10077K, committed 10368K, reserved 1048576K
}
Event: 27.121 GC heap before
{Heap before GC invocations=36 (full 0):
 garbage-first heap   total 153600K, used 121306K [0x0000000082600000, 0x0000000100000000)
  region size 1024K, 90 young (92160K), 5 survivors (5120K)
 Metaspace       used 87030K, committed 87680K, reserved 1179648K
  class space    used 10681K, committed 10944K, reserved 1048576K
}
Event: 27.136 GC heap after
{Heap after GC invocations=37 (full 0):
 garbage-first heap   total 153600K, used 36061K [0x0000000082600000, 0x0000000100000000)
  region size 1024K, 7 young (7168K), 7 survivors (7168K)
 Metaspace       used 87030K, committed 87680K, reserved 1179648K
  class space    used 10681K, committed 10944K, reserved 1048576K
}
Event: 28.218 GC heap before
{Heap before GC invocations=37 (full 0):
 garbage-first heap   total 153600K, used 120029K [0x0000000082600000, 0x0000000100000000)
  region size 1024K, 90 young (92160K), 7 survivors (7168K)
 Metaspace       used 90613K, committed 91328K, reserved 1179648K
  class space    used 11029K, committed 11392K, reserved 1048576K
}
Event: 28.232 GC heap after
{Heap after GC invocations=38 (full 0):
 garbage-first heap   total 153600K, used 37183K [0x0000000082600000, 0x0000000100000000)
  region size 1024K, 8 young (8192K), 8 survivors (8192K)
 Metaspace       used 90613K, committed 91328K, reserved 1179648K
  class space    used 11029K, committed 11392K, reserved 1048576K
}

Dll operation events (12 events):
Event: 0.023 Loaded shared library C:\Users\karnam harika\Desktop\STS\sts-4.32.0.RELEASE\plugins\org.eclipse.justj.openjdk.hotspot.jre.full.win32.x86_64_21.0.8.v20250724-1412\jre\bin\java.dll
Event: 0.124 Loaded shared library C:\Users\karnam harika\Desktop\STS\sts-4.32.0.RELEASE\plugins\org.eclipse.justj.openjdk.hotspot.jre.full.win32.x86_64_21.0.8.v20250724-1412\jre\bin\zip.dll
Event: 0.154 Loaded shared library C:\Users\karnam harika\Desktop\STS\sts-4.32.0.RELEASE\plugins\org.eclipse.justj.openjdk.hotspot.jre.full.win32.x86_64_21.0.8.v20250724-1412\jre\bin\instrument.dll
Event: 0.162 Loaded shared library C:\Users\karnam harika\Desktop\STS\sts-4.32.0.RELEASE\plugins\org.eclipse.justj.openjdk.hotspot.jre.full.win32.x86_64_21.0.8.v20250724-1412\jre\bin\net.dll
Event: 0.165 Loaded shared library C:\Users\karnam harika\Desktop\STS\sts-4.32.0.RELEASE\plugins\org.eclipse.justj.openjdk.hotspot.jre.full.win32.x86_64_21.0.8.v20250724-1412\jre\bin\nio.dll
Event: 0.171 Loaded shared library C:\Users\karnam harika\Desktop\STS\sts-4.32.0.RELEASE\plugins\org.eclipse.justj.openjdk.hotspot.jre.full.win32.x86_64_21.0.8.v20250724-1412\jre\bin\zip.dll
Event: 1.082 Loaded shared library C:\Users\karnam harika\Desktop\STS\sts-4.32.0.RELEASE\plugins\org.eclipse.justj.openjdk.hotspot.jre.full.win32.x86_64_21.0.8.v20250724-1412\jre\bin\verify.dll
Event: 1.140 Loaded shared library C:\Users\karnam harika\Desktop\STS\sts-4.32.0.RELEASE\plugins\org.eclipse.justj.openjdk.hotspot.jre.full.win32.x86_64_21.0.8.v20250724-1412\jre\bin\jimage.dll
Event: 1.639 Loaded shared library C:\Users\karnam harika\Desktop\STS\sts-4.32.0.RELEASE\plugins\org.eclipse.justj.openjdk.hotspot.jre.full.win32.x86_64_21.0.8.v20250724-1412\jre\bin\management.dll
Event: 1.651 Loaded shared library C:\Users\karnam harika\Desktop\STS\sts-4.32.0.RELEASE\plugins\org.eclipse.justj.openjdk.hotspot.jre.full.win32.x86_64_21.0.8.v20250724-1412\jre\bin\management_ext.dll
Event: 12.417 Loaded shared library C:\Users\karnam harika\Desktop\STS\sts-4.32.0.RELEASE\plugins\org.eclipse.justj.openjdk.hotspot.jre.full.win32.x86_64_21.0.8.v20250724-1412\jre\bin\sunmscapi.dll
Event: 19.880 Loaded shared library C:\Users\karnam harika\Desktop\STS\sts-4.32.0.RELEASE\plugins\org.eclipse.justj.openjdk.hotspot.jre.full.win32.x86_64_21.0.8.v20250724-1412\jre\bin\extnet.dll

Deoptimization events (20 events):
Event: 29.592 Thread 0x000002f07a89aa10 Uncommon trap: trap_request=0xffffffde fr.pc=0x000002f008028c3c relative=0x0000000000000d9c
Event: 29.592 Thread 0x000002f07a89aa10 Uncommon trap: reason=class_check action=maybe_recompile pc=0x000002f008028c3c method=org.antlr.v4.runtime.atn.ParserATNSimulator.canDropLoopEntryEdgeInLeftRecursiveRule(Lorg/antlr/v4/runtime/atn/ATNConfig;)Z @ 316 c2
Event: 29.592 Thread 0x000002f07a89aa10 DEOPT PACKING pc=0x000002f008028c3c sp=0x000000f3460f5ec0
Event: 29.592 Thread 0x000002f07a89aa10 DEOPT UNPACKING pc=0x000002f0075846a2 sp=0x000000f3460f5e38 mode 2
Event: 29.592 Thread 0x000002f07a89aa10 Uncommon trap: trap_request=0xffffffde fr.pc=0x000002f008028c3c relative=0x0000000000000d9c
Event: 29.592 Thread 0x000002f07a89aa10 Uncommon trap: reason=class_check action=maybe_recompile pc=0x000002f008028c3c method=org.antlr.v4.runtime.atn.ParserATNSimulator.canDropLoopEntryEdgeInLeftRecursiveRule(Lorg/antlr/v4/runtime/atn/ATNConfig;)Z @ 316 c2
Event: 29.592 Thread 0x000002f07a89aa10 DEOPT PACKING pc=0x000002f008028c3c sp=0x000000f3460f5ec0
Event: 29.592 Thread 0x000002f07a89aa10 DEOPT UNPACKING pc=0x000002f0075846a2 sp=0x000000f3460f5e38 mode 2
Event: 29.592 Thread 0x000002f07a89aa10 Uncommon trap: trap_request=0xffffffde fr.pc=0x000002f008028c3c relative=0x0000000000000d9c
Event: 29.592 Thread 0x000002f07a89aa10 Uncommon trap: reason=class_check action=maybe_recompile pc=0x000002f008028c3c method=org.antlr.v4.runtime.atn.ParserATNSimulator.canDropLoopEntryEdgeInLeftRecursiveRule(Lorg/antlr/v4/runtime/atn/ATNConfig;)Z @ 316 c2
Event: 29.592 Thread 0x000002f07a89aa10 DEOPT PACKING pc=0x000002f008028c3c sp=0x000000f3460f5ec0
Event: 29.592 Thread 0x000002f07a89aa10 DEOPT UNPACKING pc=0x000002f0075846a2 sp=0x000000f3460f5e38 mode 2
Event: 29.629 Thread 0x000002f07a89aa10 Uncommon trap: trap_request=0xffffffd6 fr.pc=0x000002f00802b9cc relative=0x000000000000170c
Event: 29.629 Thread 0x000002f07a89aa10 Uncommon trap: reason=array_check action=maybe_recompile pc=0x000002f00802b9cc method=org.antlr.v4.runtime.misc.Array2DHashSet.getOrAddImpl(Ljava/lang/Object;)Ljava/lang/Object; @ 190 c2
Event: 29.629 Thread 0x000002f07a89aa10 DEOPT PACKING pc=0x000002f00802b9cc sp=0x000000f3460f4320
Event: 29.629 Thread 0x000002f07a89aa10 DEOPT UNPACKING pc=0x000002f0075846a2 sp=0x000000f3460f4300 mode 2
Event: 29.629 Thread 0x000002f07a89aa10 Uncommon trap: trap_request=0xffffffd6 fr.pc=0x000002f00802b9cc relative=0x000000000000170c
Event: 29.629 Thread 0x000002f07a89aa10 Uncommon trap: reason=array_check action=maybe_recompile pc=0x000002f00802b9cc method=org.antlr.v4.runtime.misc.Array2DHashSet.getOrAddImpl(Ljava/lang/Object;)Ljava/lang/Object; @ 190 c2
Event: 29.629 Thread 0x000002f07a89aa10 DEOPT PACKING pc=0x000002f00802b9cc sp=0x000000f3460f4aa0
Event: 29.629 Thread 0x000002f07a89aa10 DEOPT UNPACKING pc=0x000002f0075846a2 sp=0x000000f3460f4a80 mode 2

Classes loaded (20 events):
Event: 27.829 Loading class jdk/internal/reflect/Label
Event: 27.829 Loading class jdk/internal/reflect/Label done
Event: 27.829 Loading class jdk/internal/reflect/Label$PatchInfo
Event: 27.829 Loading class jdk/internal/reflect/Label$PatchInfo done
Event: 27.829 Loading class jdk/internal/reflect/MethodAccessorGenerator$1
Event: 27.830 Loading class jdk/internal/reflect/MethodAccessorGenerator$1 done
Event: 27.830 Loading class jdk/internal/reflect/ClassDefiner
Event: 27.830 Loading class jdk/internal/reflect/ClassDefiner done
Event: 27.830 Loading class jdk/internal/reflect/ClassDefiner$1
Event: 27.830 Loading class jdk/internal/reflect/ClassDefiner$1 done
Event: 27.830 Loading class jdk/internal/reflect/SerializationConstructorAccessorImpl
Event: 27.830 Loading class jdk/internal/reflect/SerializationConstructorAccessorImpl done
Event: 28.077 Loading class java/util/regex/Pattern$Bound
Event: 28.078 Loading class java/util/regex/Pattern$Bound done
Event: 28.080 Loading class java/util/regex/Pattern$Behind
Event: 28.080 Loading class java/util/regex/Pattern$Behind done
Event: 28.141 Loading class java/util/EmptyStackException
Event: 28.141 Loading class java/util/EmptyStackException done
Event: 28.671 Loading class java/io/InvalidClassException
Event: 28.671 Loading class java/io/InvalidClassException done

Classes unloaded (0 events):
No events

Classes redefined (0 events):
No events

Internal exceptions (20 events):
Event: 23.558 Thread 0x000002f07a89aa10 Exception <a 'java/lang/NoSuchMethodError'{0x0000000087b54610}: 'java.lang.Object java.lang.invoke.DirectMethodHandle$Holder.invokeStaticInit(java.lang.Object, java.lang.Object, int, java.lang.Object)'> (0x0000000087b54610) 
thrown [s\src\hotspot\share\interpreter\linkResolver.cpp, line 773]
Event: 24.920 Thread 0x000002f07a89aa10 Exception <a 'java/lang/NoSuchMethodError'{0x0000000089a97be8}: 'java.lang.Class java.lang.Class.getNestHost(java.lang.Class)'> (0x0000000089a97be8) 
thrown [s\src\hotspot\share\interpreter\linkResolver.cpp, line 773]
Event: 25.441 Thread 0x000002f07a89aa10 Exception <a 'java/lang/NoSuchMethodError'{0x0000000087be4938}: 'void java.lang.invoke.DirectMethodHandle$Holder.invokeStaticInit(java.lang.Object, int, java.lang.Object, java.lang.Object, java.lang.Object, java.lang.Object)'> (0x0000000087be4938) 
thrown [s\src\hotspot\share\interpreter\linkResolver.cpp, line 773]
Event: 25.456 Thread 0x000002f07a89aa10 Exception <a 'java/lang/NoSuchMethodError'{0x0000000087a7cb98}: 'void java.lang.invoke.DirectMethodHandle$Holder.invokeSpecial(java.lang.Object, java.lang.Object, java.lang.Object, java.lang.Object, java.lang.Object, int, java.lang.Object, java.lang.Object)'> (0x0000000087a7cb98) 
thrown [s\src\hotspot\share\interpreter\linkResolver.cpp, line 773]
Event: 25.592 Thread 0x000002f07a89aa10 Exception <a 'java/lang/NoSuchMethodError'{0x000000008711aa28}: 'void java.lang.invoke.DirectMethodHandle$Holder.invokeStatic(java.lang.Object, java.lang.Object, java.lang.Object, int, java.lang.Object)'> (0x000000008711aa28) 
thrown [s\src\hotspot\share\interpreter\linkResolver.cpp, line 773]
Event: 25.596 Thread 0x000002f07a89aa10 Exception <a 'java/lang/NoSuchMethodError'{0x000000008714bdb8}: 'void java.lang.invoke.DirectMethodHandle$Holder.invokeInterface(java.lang.Object, java.lang.Object, int, java.lang.Object)'> (0x000000008714bdb8) 
thrown [s\src\hotspot\share\interpreter\linkResolver.cpp, line 773]
Event: 25.610 Thread 0x000002f07a89aa10 Exception <a 'java/lang/NoSuchMethodError'{0x0000000087005ca8}: 'java.lang.Object java.lang.invoke.DirectMethodHandle$Holder.newInvokeSpecial(java.lang.Object, java.lang.Object, int, java.lang.Object)'> (0x0000000087005ca8) 
thrown [s\src\hotspot\share\interpreter\linkResolver.cpp, line 773]
Event: 25.667 Thread 0x000002f07a89aa10 Exception <a 'java/lang/NoSuchMethodError'{0x0000000086cc76f0}: 'void java.lang.invoke.DirectMethodHandle$Holder.invokeSpecial(java.lang.Object, java.lang.Object, java.lang.Object, java.lang.Object, java.lang.Object, java.lang.Object, java.lang.Object, java.lang.Object)'> (0x0000000086cc76f0) 
thrown [s\src\hotspot\share\interpreter\linkResolver.cpp, line 773]
Event: 25.813 Thread 0x000002f07a89aa10 Exception <a 'java/lang/NoSuchMethodError'{0x000000008b977700}: 'int java.lang.invoke.DirectMethodHandle$Holder.invokeStatic(java.lang.Object, int, java.lang.Object)'> (0x000000008b977700) 
thrown [s\src\hotspot\share\interpreter\linkResolver.cpp, line 773]
Event: 25.832 Thread 0x000002f07a89aa10 Exception <a 'java/lang/NoSuchMethodError'{0x000000008b888368}: 'java.lang.Object java.lang.invoke.Invokers$Holder.linkToTargetMethod(java.lang.Object, java.lang.Object, java.lang.Object, java.lang.Object, java.lang.Object, java.lang.Object, java.lang.Object, java.lang.Object, java.lang.Object, java.lang.Object, java.lang.Object, java.lang.Object)'> (0x000000008b888368) 
thrown [s\src\hotspot\share\interpreter\linkResolver.cpp, line 773]
Event: 25.947 Thread 0x000002f07a89aa10 Exception <a 'java/lang/IncompatibleClassChangeError'{0x000000008b048d58}: Found class java.lang.Object, but interface was expected> (0x000000008b048d58) 
thrown [s\src\hotspot\share\interpreter\linkResolver.cpp, line 840]
Event: 25.999 Thread 0x000002f07a89aa10 Exception <a 'java/lang/NoSuchMethodError'{0x000000008aca5f38}: 'java.lang.Object java.lang.invoke.DirectMethodHandle$Holder.newInvokeSpecial(java.lang.Object, java.lang.Object, int, java.lang.Object, int, java.lang.Object, java.lang.Object)'> (0x000000008aca5f38) 
thrown [s\src\hotspot\share\interpreter\linkResolver.cpp, line 773]
Event: 26.344 Thread 0x000002f07a89aa10 Exception <a 'java/lang/NoSuchMethodError'{0x00000000893656d0}: 'void java.lang.invoke.DirectMethodHandle$Holder.invokeStatic(java.lang.Object, java.lang.Object, java.lang.Object, java.lang.Object, java.lang.Object, java.lang.Object, java.lang.Object, java.lang.Object, java.lang.Object)'> (0x00000000893656d0) 
thrown [s\src\hotspot\share\interpreter\linkResolver.cpp, line 773]
Event: 26.791 Thread 0x000002f07a89aa10 Implicit null exception at 0x000002f007f9b5e2 to 0x000002f007f9d250
Event: 26.805 Thread 0x000002f07a89aa10 Exception <a 'java/lang/IncompatibleClassChangeError'{0x000000008787c0a8}: Found class java.lang.Object, but interface was expected> (0x000000008787c0a8) 
thrown [s\src\hotspot\share\interpreter\linkResolver.cpp, line 840]
Event: 26.927 Thread 0x000002f07a89aa10 Exception <a 'java/lang/IncompatibleClassChangeError'{0x00000000871f87a0}: Found class java.lang.Object, but interface was expected> (0x00000000871f87a0) 
thrown [s\src\hotspot\share\interpreter\linkResolver.cpp, line 840]
Event: 27.678 Thread 0x000002f07a89aa10 Exception <a 'java/lang/IncompatibleClassChangeError'{0x0000000089059010}: Found class java.lang.Object, but interface was expected> (0x0000000089059010) 
thrown [s\src\hotspot\share\interpreter\linkResolver.cpp, line 840]
Event: 27.742 Thread 0x000002f07a89aa10 Exception <a 'java/lang/NoSuchMethodError'{0x0000000088d3aef0}: 'void java.lang.invoke.Invokers$Holder.invokeExact_MT(java.lang.Object, java.lang.Object, java.lang.Object, java.lang.Object)'> (0x0000000088d3aef0) 
thrown [s\src\hotspot\share\interpreter\linkResolver.cpp, line 773]
Event: 27.777 Thread 0x000002f07a89aa10 Exception <a 'java/lang/NoSuchMethodError'{0x0000000088ba1818}: 'int java.lang.invoke.DirectMethodHandle$Holder.invokeStaticInit(java.lang.Object, int, java.lang.Object, java.lang.Object, java.lang.Object, java.lang.Object)'> (0x0000000088ba1818) 
thrown [s\src\hotspot\share\interpreter\linkResolver.cpp, line 773]
Event: 28.083 Thread 0x000002f07a89aa10 Exception <a 'java/lang/IncompatibleClassChangeError'{0x0000000087b07ec8}: Found class java.lang.Object, but interface was expected> (0x0000000087b07ec8) 
thrown [s\src\hotspot\share\interpreter\linkResolver.cpp, line 840]

ZGC Phase Switch (0 events):
No events

VM Operations (20 events):
Event: 24.789 Executing VM operation: G1CollectForAllocation (G1 Evacuation Pause)
Event: 24.800 Executing VM operation: G1CollectForAllocation (G1 Evacuation Pause) done
Event: 25.213 Executing VM operation: ICBufferFull
Event: 25.214 Executing VM operation: ICBufferFull done
Event: 25.787 Executing VM operation: G1CollectForAllocation (G1 Evacuation Pause)
Event: 25.795 Executing VM operation: G1CollectForAllocation (G1 Evacuation Pause) done
Event: 26.467 Executing VM operation: HandshakeAllThreads (Deoptimize)
Event: 26.467 Executing VM operation: HandshakeAllThreads (Deoptimize) done
Event: 27.121 Executing VM operation: G1CollectForAllocation (G1 Evacuation Pause)
Event: 27.136 Executing VM operation: G1CollectForAllocation (G1 Evacuation Pause) done
Event: 27.269 Executing VM operation: HandshakeAllThreads (Deoptimize)
Event: 27.269 Executing VM operation: HandshakeAllThreads (Deoptimize) done
Event: 28.218 Executing VM operation: G1CollectForAllocation (G1 Evacuation Pause)
Event: 28.232 Executing VM operation: G1CollectForAllocation (G1 Evacuation Pause) done
Event: 28.731 Executing VM operation: HandshakeAllThreads (Deoptimize)
Event: 28.731 Executing VM operation: HandshakeAllThreads (Deoptimize) done
Event: 29.223 Executing VM operation: HandshakeAllThreads (Deoptimize)
Event: 29.223 Executing VM operation: HandshakeAllThreads (Deoptimize) done
Event: 29.412 Executing VM operation: ICBufferFull
Event: 29.412 Executing VM operation: ICBufferFull done

Memory protections (0 events):
No events

Nmethod flushes (20 events):
Event: 20.445 Thread 0x000002f07f752fe0 flushing  nmethod 0x000002f000791090
Event: 20.445 Thread 0x000002f07f752fe0 flushing  nmethod 0x000002f000792310
Event: 20.445 Thread 0x000002f07f752fe0 flushing  nmethod 0x000002f000795d90
Event: 20.445 Thread 0x000002f07f752fe0 flushing  nmethod 0x000002f0007c7790
Event: 20.445 Thread 0x000002f07f752fe0 flushing  nmethod 0x000002f0007cb010
Event: 20.445 Thread 0x000002f07f752fe0 flushing  nmethod 0x000002f0007e5e90
Event: 20.445 Thread 0x000002f07f752fe0 flushing  nmethod 0x000002f00082d610
Event: 20.445 Thread 0x000002f07f752fe0 flushing  nmethod 0x000002f00084e590
Event: 20.445 Thread 0x000002f07f752fe0 flushing  nmethod 0x000002f000865a90
Event: 20.445 Thread 0x000002f07f752fe0 flushing  nmethod 0x000002f00088d310
Event: 20.445 Thread 0x000002f07f752fe0 flushing  nmethod 0x000002f00089b390
Event: 20.445 Thread 0x000002f07f752fe0 flushing  nmethod 0x000002f00089ce90
Event: 20.445 Thread 0x000002f07f752fe0 flushing  nmethod 0x000002f00089df10
Event: 20.445 Thread 0x000002f07f752fe0 flushing  nmethod 0x000002f00089ed10
Event: 20.445 Thread 0x000002f07f752fe0 flushing  nmethod 0x000002f00089f090
Event: 20.445 Thread 0x000002f07f752fe0 flushing  nmethod 0x000002f0008a0290
Event: 20.445 Thread 0x000002f07f752fe0 flushing  nmethod 0x000002f0008ada10
Event: 20.445 Thread 0x000002f07f752fe0 flushing  nmethod 0x000002f0008be890
Event: 20.445 Thread 0x000002f07f752fe0 flushing  nmethod 0x000002f000902a10
Event: 20.445 Thread 0x000002f07f752fe0 flushing  nmethod 0x000002f000912690

Events (20 events):
Event: 0.074 Thread 0x000002f07a89aa10 Thread added: 0x000002f07f7740d0
Event: 0.074 Thread 0x000002f07a89aa10 Thread added: 0x000002f07f774b20
Event: 0.075 Thread 0x000002f07a89aa10 Thread added: 0x000002f07f775d10
Event: 0.075 Thread 0x000002f07a89aa10 Thread added: 0x000002f07f779070
Event: 0.075 Thread 0x000002f07a89aa10 Thread added: 0x000002f07f77bb80
Event: 0.111 Thread 0x000002f07a89aa10 Thread added: 0x000002f07f740410
Event: 1.316 Thread 0x000002f07a89aa10 Thread added: 0x000002f0584bd930
Event: 1.743 Thread 0x000002f07a89aa10 Thread added: 0x000002f058856330
Event: 1.807 Thread 0x000002f07a89aa10 Thread added: 0x000002f058f947f0
Event: 6.466 Thread 0x000002f07f779070 Thread added: 0x000002f0596f77a0
Event: 11.279 Thread 0x000002f07a89aa10 Thread added: 0x000002f059113020
Event: 12.849 Thread 0x000002f07a89aa10 Thread added: 0x000002f05b1a5200
Event: 12.932 Thread 0x000002f05b1a5200 Thread exited: 0x000002f05b1a5200
Event: 13.543 Thread 0x000002f059113020 Thread exited: 0x000002f059113020
Event: 16.408 Thread 0x000002f07a89aa10 Thread added: 0x000002f05bf66980
Event: 20.849 Thread 0x000002f07a89aa10 Thread added: 0x000002f05bf64220
Event: 20.961 Thread 0x000002f05bf64220 Thread added: 0x000002f05bf63500
Event: 25.451 Thread 0x000002f0596f77a0 Thread exited: 0x000002f0596f77a0
Event: 26.722 Thread 0x000002f05bf63500 Thread exited: 0x000002f05bf63500
Event: 28.667 Thread 0x000002f07f779070 Thread added: 0x000002f05c4baba0


Dynamic libraries:
0x00007ff6c8810000 - 0x00007ff6c881e000 	C:\Users\karnam harika\Desktop\STS\sts-4.32.0.RELEASE\plugins\org.eclipse.justj.openjdk.hotspot.jre.full.win32.x86_64_21.0.8.v20250724-1412\jre\bin\java.exe
0x00007ffc58af0000 - 0x00007ffc58d07000 	C:\WINDOWS\SYSTEM32\ntdll.dll
0x00007ffc57ba0000 - 0x00007ffc57c64000 	C:\WINDOWS\System32\KERNEL32.DLL
0x00007ffc55c60000 - 0x00007ffc56032000 	C:\WINDOWS\System32\KERNELBASE.dll
0x00007ffc56660000 - 0x00007ffc56771000 	C:\WINDOWS\System32\ucrtbase.dll
0x00007ffc51270000 - 0x00007ffc51288000 	C:\Users\karnam harika\Desktop\STS\sts-4.32.0.RELEASE\plugins\org.eclipse.justj.openjdk.hotspot.jre.full.win32.x86_64_21.0.8.v20250724-1412\jre\bin\jli.dll
0x00007ffc582e0000 - 0x00007ffc58491000 	C:\WINDOWS\System32\USER32.dll
0x00007ffc56040000 - 0x00007ffc56066000 	C:\WINDOWS\System32\win32u.dll
0x00007ffc56d00000 - 0x00007ffc56d29000 	C:\WINDOWS\System32\GDI32.dll
0x00007ffc56530000 - 0x00007ffc56653000 	C:\WINDOWS\System32\gdi32full.dll
0x00007ffc561b0000 - 0x00007ffc5624a000 	C:\WINDOWS\System32\msvcp_win.dll
0x00007ffc42400000 - 0x00007ffc4241e000 	C:\Users\karnam harika\Desktop\STS\sts-4.32.0.RELEASE\plugins\org.eclipse.justj.openjdk.hotspot.jre.full.win32.x86_64_21.0.8.v20250724-1412\jre\bin\VCRUNTIME140.dll
0x00007ffc3fa70000 - 0x00007ffc3fd0b000 	C:\WINDOWS\WinSxS\amd64_microsoft.windows.common-controls_6595b64144ccf1df_6.0.22621.5547_none_27104afb73855772\COMCTL32.dll
0x00007ffc56ee0000 - 0x00007ffc56f87000 	C:\WINDOWS\System32\msvcrt.dll
0x00007ffc56f90000 - 0x00007ffc56fc1000 	C:\WINDOWS\System32\IMM32.DLL
0x00007ffc47d50000 - 0x00007ffc47d5c000 	C:\Users\karnam harika\Desktop\STS\sts-4.32.0.RELEASE\plugins\org.eclipse.justj.openjdk.hotspot.jre.full.win32.x86_64_21.0.8.v20250724-1412\jre\bin\vcruntime140_1.dll
0x00007ffc1e3f0000 - 0x00007ffc1e47d000 	C:\Users\karnam harika\Desktop\STS\sts-4.32.0.RELEASE\plugins\org.eclipse.justj.openjdk.hotspot.jre.full.win32.x86_64_21.0.8.v20250724-1412\jre\bin\msvcp140.dll
0x00007ffbb6c20000 - 0x00007ffbb79b7000 	C:\Users\karnam harika\Desktop\STS\sts-4.32.0.RELEASE\plugins\org.eclipse.justj.openjdk.hotspot.jre.full.win32.x86_64_21.0.8.v20250724-1412\jre\bin\server\jvm.dll
0x00007ffc58890000 - 0x00007ffc58941000 	C:\WINDOWS\System32\ADVAPI32.dll
0x00007ffc58720000 - 0x00007ffc587c8000 	C:\WINDOWS\System32\sechost.dll
0x00007ffc56500000 - 0x00007ffc56528000 	C:\WINDOWS\System32\bcrypt.dll
0x00007ffc579d0000 - 0x00007ffc57ae4000 	C:\WINDOWS\System32\RPCRT4.dll
0x00007ffc56780000 - 0x00007ffc567f1000 	C:\WINDOWS\System32\WS2_32.dll
0x00007ffc54e70000 - 0x00007ffc54ebd000 	C:\WINDOWS\SYSTEM32\POWRPROF.dll
0x00007ffc40c90000 - 0x00007ffc40cc4000 	C:\WINDOWS\SYSTEM32\WINMM.dll
0x00007ffc47760000 - 0x00007ffc4776a000 	C:\WINDOWS\SYSTEM32\VERSION.dll
0x00007ffc54da0000 - 0x00007ffc54db3000 	C:\WINDOWS\SYSTEM32\UMPDC.dll
0x00007ffc54bd0000 - 0x00007ffc54be8000 	C:\WINDOWS\SYSTEM32\kernel.appcore.dll
0x00007ffc51390000 - 0x00007ffc5139a000 	C:\Users\karnam harika\Desktop\STS\sts-4.32.0.RELEASE\plugins\org.eclipse.justj.openjdk.hotspot.jre.full.win32.x86_64_21.0.8.v20250724-1412\jre\bin\jimage.dll
0x00007ffc405a0000 - 0x00007ffc407d3000 	C:\WINDOWS\SYSTEM32\DBGHELP.DLL
0x00007ffc57e90000 - 0x00007ffc58223000 	C:\WINDOWS\System32\combase.dll
0x00007ffc56fd0000 - 0x00007ffc570a7000 	C:\WINDOWS\System32\OLEAUT32.dll
0x00007ffc3f8d0000 - 0x00007ffc3f902000 	C:\WINDOWS\SYSTEM32\dbgcore.DLL
0x00007ffc56250000 - 0x00007ffc562cb000 	C:\WINDOWS\System32\bcryptPrimitives.dll
0x00007ffc51340000 - 0x00007ffc5134f000 	C:\Users\karnam harika\Desktop\STS\sts-4.32.0.RELEASE\plugins\org.eclipse.justj.openjdk.hotspot.jre.full.win32.x86_64_21.0.8.v20250724-1412\jre\bin\instrument.dll
0x00007ffc428d0000 - 0x00007ffc428ef000 	C:\Users\karnam harika\Desktop\STS\sts-4.32.0.RELEASE\plugins\org.eclipse.justj.openjdk.hotspot.jre.full.win32.x86_64_21.0.8.v20250724-1412\jre\bin\java.dll
0x00007ffc57120000 - 0x00007ffc579c2000 	C:\WINDOWS\System32\SHELL32.dll
0x00007ffc56070000 - 0x00007ffc561af000 	C:\WINDOWS\System32\wintypes.dll
0x00007ffc53ac0000 - 0x00007ffc543dd000 	C:\WINDOWS\SYSTEM32\windows.storage.dll
0x00007ffc57d80000 - 0x00007ffc57e8c000 	C:\WINDOWS\System32\SHCORE.dll
0x00007ffc570b0000 - 0x00007ffc57119000 	C:\WINDOWS\System32\shlwapi.dll
0x00007ffc55b10000 - 0x00007ffc55b3b000 	C:\WINDOWS\SYSTEM32\profapi.dll
0x00007ffc42880000 - 0x00007ffc42898000 	C:\Users\karnam harika\Desktop\STS\sts-4.32.0.RELEASE\plugins\org.eclipse.justj.openjdk.hotspot.jre.full.win32.x86_64_21.0.8.v20250724-1412\jre\bin\zip.dll
0x00007ffc51300000 - 0x00007ffc51310000 	C:\Users\karnam harika\Desktop\STS\sts-4.32.0.RELEASE\plugins\org.eclipse.justj.openjdk.hotspot.jre.full.win32.x86_64_21.0.8.v20250724-1412\jre\bin\net.dll
0x00007ffc4f8c0000 - 0x00007ffc4f9ec000 	C:\WINDOWS\SYSTEM32\WINHTTP.dll
0x00007ffc55130000 - 0x00007ffc55199000 	C:\WINDOWS\system32\mswsock.dll
0x00007ffc427a0000 - 0x00007ffc427b6000 	C:\Users\karnam harika\Desktop\STS\sts-4.32.0.RELEASE\plugins\org.eclipse.justj.openjdk.hotspot.jre.full.win32.x86_64_21.0.8.v20250724-1412\jre\bin\nio.dll
0x00007ffc51260000 - 0x00007ffc51270000 	C:\Users\karnam harika\Desktop\STS\sts-4.32.0.RELEASE\plugins\org.eclipse.justj.openjdk.hotspot.jre.full.win32.x86_64_21.0.8.v20250724-1412\jre\bin\verify.dll
0x00007ffc315a0000 - 0x00007ffc315b7000 	C:\WINDOWS\system32\napinsp.dll
0x00007ffc31580000 - 0x00007ffc3159b000 	C:\WINDOWS\system32\pnrpnsp.dll
0x00007ffc546b0000 - 0x00007ffc547a8000 	C:\WINDOWS\SYSTEM32\DNSAPI.dll
0x00007ffc54640000 - 0x00007ffc5466d000 	C:\WINDOWS\SYSTEM32\IPHLPAPI.DLL
0x00007ffc56870000 - 0x00007ffc56879000 	C:\WINDOWS\System32\NSI.dll
0x00007ffc31560000 - 0x00007ffc31571000 	C:\WINDOWS\System32\winrnr.dll
0x00007ffc4d8d0000 - 0x00007ffc4d8ef000 	C:\WINDOWS\system32\wshbth.dll
0x00007ffc31530000 - 0x00007ffc31551000 	C:\WINDOWS\system32\nlansp_c.dll
0x00007ffc480e0000 - 0x00007ffc480ea000 	C:\Windows\System32\rasadhlp.dll
0x00007ffc4ef20000 - 0x00007ffc4efa4000 	C:\WINDOWS\System32\fwpuclnt.dll
0x00007ffc42640000 - 0x00007ffc4264a000 	C:\Users\karnam harika\Desktop\STS\sts-4.32.0.RELEASE\plugins\org.eclipse.justj.openjdk.hotspot.jre.full.win32.x86_64_21.0.8.v20250724-1412\jre\bin\management.dll
0x00007ffc42600000 - 0x00007ffc4260b000 	C:\Users\karnam harika\Desktop\STS\sts-4.32.0.RELEASE\plugins\org.eclipse.justj.openjdk.hotspot.jre.full.win32.x86_64_21.0.8.v20250724-1412\jre\bin\management_ext.dll
0x00007ffc56800000 - 0x00007ffc56808000 	C:\WINDOWS\System32\PSAPI.DLL
0x00007ffc51380000 - 0x00007ffc5138e000 	C:\Users\karnam harika\Desktop\STS\sts-4.32.0.RELEASE\plugins\org.eclipse.justj.openjdk.hotspot.jre.full.win32.x86_64_21.0.8.v20250724-1412\jre\bin\sunmscapi.dll
0x00007ffc56390000 - 0x00007ffc564f7000 	C:\WINDOWS\System32\CRYPT32.dll
0x00007ffc55590000 - 0x00007ffc555bd000 	C:\WINDOWS\SYSTEM32\ncrypt.dll
0x00007ffc55550000 - 0x00007ffc55587000 	C:\WINDOWS\SYSTEM32\NTASN1.dll
0x00007ffc553d0000 - 0x00007ffc553eb000 	C:\WINDOWS\SYSTEM32\CRYPTSP.dll
0x00007ffc54b30000 - 0x00007ffc54b67000 	C:\WINDOWS\system32\rsaenh.dll
0x00007ffc551d0000 - 0x00007ffc551f8000 	C:\WINDOWS\SYSTEM32\USERENV.dll
0x00007ffc55330000 - 0x00007ffc5533c000 	C:\WINDOWS\SYSTEM32\CRYPTBASE.dll
0x00007ffc4f7d0000 - 0x00007ffc4f7d9000 	C:\Users\karnam harika\Desktop\STS\sts-4.32.0.RELEASE\plugins\org.eclipse.justj.openjdk.hotspot.jre.full.win32.x86_64_21.0.8.v20250724-1412\jre\bin\extnet.dll

JVMTI agents:
C:\\Users\\karnam harika\\.m2\\repository\\org\\jacoco\\org.jacoco.agent\\0.8.11\\org.jacoco.agent-0.8.11-runtime.jar path:C:\Users\karnam harika\Desktop\STS\sts-4.32.0.RELEASE\plugins\org.eclipse.justj.openjdk.hotspot.jre.full.win32.x86_64_21.0.8.v20250724-1412\jre\bin\instrument.dll, loaded, initialized, instrumentlib options:destfile=G:\\cap\\Backend\\Investment-Banking-Backend\\target\\jacoco.exec

dbghelp: loaded successfully - version: 4.0.5 - missing functions: none
symbol engine: initialized successfully - sym options: 0x614 - pdb path: .;C:\Users\karnam harika\Desktop\STS\sts-4.32.0.RELEASE\plugins\org.eclipse.justj.openjdk.hotspot.jre.full.win32.x86_64_21.0.8.v20250724-1412\jre\bin;C:\WINDOWS\SYSTEM32;C:\WINDOWS\WinSxS\amd64_microsoft.windows.common-controls_6595b64144ccf1df_6.0.22621.5547_none_27104afb73855772;C:\Users\karnam harika\Desktop\STS\sts-4.32.0.RELEASE\plugins\org.eclipse.justj.openjdk.hotspot.jre.full.win32.x86_64_21.0.8.v20250724-1412\jre\bin\server

VM Arguments:
jvm_args: -javaagent:C:\\Users\\karnam harika\\.m2\\repository\\org\\jacoco\\org.jacoco.agent\\0.8.11\\org.jacoco.agent-0.8.11-runtime.jar=destfile=G:\\cap\\Backend\\Investment-Banking-Backend\\target\\jacoco.exec 
java_command: C:\Users\karnam harika\AppData\Local\Temp\surefire4120387584152797529\surefirebooter-20251223164043378_3.jar C:\Users\karnam harika\AppData\Local\Temp\surefire4120387584152797529 2025-12-23T16-40-42_685-jvmRun1 surefire-20251223164043378_1tmp surefire_0-20251223164043378_2tmp
java_class_path (initial): C:\Users\karnam harika\AppData\Local\Temp\surefire4120387584152797529\surefirebooter-20251223164043378_3.jar
Launcher Type: SUN_STANDARD

[Global flags]
     intx CICompilerCount                          = 4                                         {product} {ergonomic}
     uint ConcGCThreads                            = 2                                         {product} {ergonomic}
     uint G1ConcRefinementThreads                  = 8                                         {product} {ergonomic}
   size_t G1HeapRegionSize                         = 1048576                                   {product} {ergonomic}
    uintx GCDrainStackTargetSize                   = 64                                        {product} {ergonomic}
   size_t InitialHeapSize                          = 132120576                                 {product} {ergonomic}
   size_t MarkStackSize                            = 4194304                                   {product} {ergonomic}
   size_t MaxHeapSize                              = 2107637760                                {product} {ergonomic}
   size_t MaxNewSize                               = 1264582656                                {product} {ergonomic}
   size_t MinHeapDeltaBytes                        = 1048576                                   {product} {ergonomic}
   size_t MinHeapSize                              = 8388608                                   {product} {ergonomic}
    uintx NonNMethodCodeHeapSize                   = 5839372                                {pd product} {ergonomic}
    uintx NonProfiledCodeHeapSize                  = 122909434                              {pd product} {ergonomic}
    uintx ProfiledCodeHeapSize                     = 122909434                              {pd product} {ergonomic}
    uintx ReservedCodeCacheSize                    = 251658240                              {pd product} {ergonomic}
     bool SegmentedCodeCache                       = true                                      {product} {ergonomic}
   size_t SoftMaxHeapSize                          = 2107637760                             {manageable} {ergonomic}
     bool UseCompressedOops                        = true                           {product lp64_product} {ergonomic}
     bool UseG1GC                                  = true                                      {product} {ergonomic}
     bool UseLargePagesIndividualAllocation        = false                                  {pd product} {ergonomic}

Logging:
Log output configuration:
 #0: stdout all=warning uptime,level,tags foldmultilines=false
 #1: stderr all=off uptime,level,tags foldmultilines=false

Environment Variables:
JAVA_HOME=C:\Program Files\Java\jdk-20
PATH=C:/Users/karnam harika/Desktop/STS/sts-4.32.0.RELEASE//plugins/org.eclipse.justj.openjdk.hotspot.jre.full.win32.x86_64_21.0.8.v20250724-1412/jre/bin/server;C:/Users/karnam harika/Desktop/STS/sts-4.32.0.RELEASE//plugins/org.eclipse.justj.openjdk.hotspot.jre.full.win32.x86_64_21.0.8.v20250724-1412/jre/bin;C:\Python314\Scripts\;C:\Python314\;C:\Program Files\Common Files\Oracle\Java\javapath;C:\oracle\product\10.2.0\db_1\bin;C:\Windows\system32;C:\Windows;C:\Windows\System32\Wbem;C:\Windows\System32\WindowsPowerShell\v1.0\;C:\Windows\System32\OpenSSH\;C:\Program Files (x86)\NVIDIA Corporation\PhysX\Common;C:\Program Files\NVIDIA Corporation\NVIDIA NvDLISR;C:\WINDOWS\system32;C:\WINDOWS;C:\WINDOWS\System32\Wbem;C:\WINDOWS\System32\WindowsPowerShell\v1.0\;C:\WINDOWS\System32\OpenSSH\;C:\Program Files\Java\jdk-20\bin;C:\Program Files\Tesseract-OCR;C:\Program Files\dotnet\;C:\Program Files\nodejs\;C:\ProgramData\chocolatey\bin;D:\Git\Git\cmd;C:\Program Files\Docker\Docker\resources\bin;C:\Program Files\MySQL\MySQL Server 8.0\bin;C:\Program Files\MySQL\MySQL Shell 8.0\bin\;C:\Users\karnam harika\AppData\Local\Programs\Python\Python38\Scripts\;C:\Users\karnam harika\AppData\Local\Programs\Python\Python38\;C:\Users\karnam harika\AppData\Local\Programs\Python\Launcher\;C:\Users\karnam harika\AppData\Local\Microsoft\WindowsApps;C:\Users\karnam harika\AppData\Local\Programs\Microsoft VS Code\bin;C:\Users\karnam harika\AppData\Roaming\npm;C:\Users\karnam harika\Desktop\STS\sts-4.32.0.RELEASE;
USERNAME=karnam harika
OS=Windows_NT
PROCESSOR_IDENTIFIER=Intel64 Family 6 Model 142 Stepping 12, GenuineIntel
TMP=C:\Users\KARNAM~1\AppData\Local\Temp
TEMP=C:\Users\KARNAM~1\AppData\Local\Temp




Periodic native trim disabled

---------------  S Y S T E M  ---------------

OS:
 Windows 11 , 64 bit Build 22621 (10.0.22621.5415)
OS uptime: 0 days 1:22 hours
Hyper-V role detected

CPU: total 8 (initial active 8) (4 cores per cpu, 2 threads per core) family 6 model 142 stepping 12 microcode 0xea, cx8, cmov, fxsr, ht, mmx, 3dnowpref, sse, sse2, sse3, ssse3, sse4.1, sse4.2, popcnt, lzcnt, tsc, tscinvbit, avx, avx2, aes, erms, clmul, bmi1, bmi2, adx, fma, vzeroupper, clflush, clflushopt, hv, rdtscp, f16c
Processor Information for the first 8 processors :
  Max Mhz: 1800, Current Mhz: 1600, Mhz Limit: 1584

Memory: 4k page, system-wide physical 8037M (514M free)
TotalPageFile size 18559M (AvailPageFile size 6M)
current process WorkingSet (physical memory assigned to process): 403M, peak: 403M
current process commit charge ("private bytes"): 434M, peak: 436M

vm_info: OpenJDK 64-Bit Server VM (21.0.8+9-LTS) for windows-amd64 JRE (21.0.8+9-LTS), built on 2025-07-15T00:00:00Z by "admin" with MS VC++ 17.7 (VS2022)

END.
